<repository-service default-repository="db1">
  <repositories>
    <repository name="db1" system-workspace="ws" default-workspace="ws">
      <security-domain>exo-domain</security-domain>
      <session-max-age>1h</session-max-age>
      <authentication-policy>org.exoplatform.services.jcr.impl.core.access.JAASAuthenticator</authentication-policy>
      <workspaces>
        <workspace name="ws">
          <!-- for system storage -->
          <container class="org.exoplatform.services.jcr.impl.storage.jdbc.JDBCWorkspaceDataContainer">
            <properties>
              <property name="source-name" value="jdbcjcr"/>
              <property name="dialect" value="hsqldb"/>
              <property name="multi-db" value="true"/>
              <property name="update-storage" value="false"/>
              <property name="max-buffer-size" value="200k"/>
              <property name="swap-directory" value="target/temp/swap/ws"/>
            </properties>
            <value-storages>
              <value-storage id="ws" class="org.exoplatform.services.jcr.impl.storage.value.fs.CASableTreeFileValueStorage">
                <properties>
                  <property name="path" value="target/temp/values/ws"/>
                  <property name="digest-algo" value="MD5"/>
                  <property name="vcas-type" value="org.exoplatform.services.jcr.impl.storage.value.cas.JDBCValueContentAddressStorageImpl"/>
                  <property name="jdbc-source-name" value="jdbcjcr"/>
                  <property name="jdbc-dialect" value="hsqldb"/>
                </properties>
                <filters>
                  <filter property-type="Binary"/>
                </filters>
              </value-storage>
            </value-storages>
          </container>
          <initializer class="org.exoplatform.services.jcr.impl.core.ScratchWorkspaceInitializer">
            <properties>
              <property name="root-nodetype" value="nt:unstructured"/>
            </properties>
          </initializer>
          <cache enabled="true" class="org.exoplatform.services.jcr.impl.dataflow.persistent.LinkedWorkspaceStorageCacheImpl">
            <properties>
              <property name="max-size" value="2k"/>
              <property name="live-time" value="20m"/>
            </properties>
          </cache>
          <query-handler class="org.exoplatform.services.jcr.impl.core.query.lucene.SearchIndex">
            <properties>
              <property name="index-dir" value="target/temp/index/db1/ws"/>
            </properties>
          </query-handler>
          <lock-manager>
            <time-out>15m</time-out>
            <persister class="org.exoplatform.services.jcr.impl.core.lock.FileSystemLockPersister">
              <properties>
                <property name="path" value="target/temp/lock"/>
              </properties>
            </persister>
          </lock-manager>
        </workspace>
        
        <workspace name="ws1">
          <container class="org.exoplatform.services.jcr.impl.storage.jdbc.JDBCWorkspaceDataContainer">
            <properties>
              <property name="source-name" value="jdbcjcr1"/>
              <property name="dialect" value="hsqldb"/>
              <property name="multi-db" value="true"/>
              <property name="update-storage" value="false"/>
              <property name="max-buffer-size" value="200k"/>
              <property name="swap-directory" value="target/temp/swap/ws1"/>
            </properties>
            <value-storages>
              <value-storage id="ws1" class="org.exoplatform.services.jcr.impl.storage.value.fs.TreeFileValueStorage">
                <properties>
                  <property name="path" value="target/temp/values/ws1"/>
                </properties>
                <filters>
                  <filter property-type="Binary"/>
                </filters>
              </value-storage>
            </value-storages>
          </container>
          <cache enabled="true" class="org.exoplatform.services.jcr.impl.dataflow.persistent.LinkedWorkspaceStorageCacheImpl">
            <properties>
              <property name="max-size" value="2k"/>
              <property name="live-time" value="20m"/>
            </properties>
          </cache>
          <query-handler class="org.exoplatform.services.jcr.impl.core.query.lucene.SearchIndex">
            <properties>
              <property name="index-dir" value="target/temp/index/db1/ws1"/>
            </properties>
          </query-handler>
        </workspace>
        
        <workspace name="ws2">
          <container class="org.exoplatform.services.jcr.impl.storage.jdbc.JDBCWorkspaceDataContainer">
            <properties>
              <property name="source-name" value="jdbcjcr2"/>
              <property name="dialect" value="hsqldb"/>
              <property name="multi-db" value="true"/>
              <property name="update-storage" value="false"/>
              <property name="max-buffer-size" value="200k"/>
              <property name="swap-directory" value="target/temp/swap/ws2"/>
            </properties>
            <value-storages>
              <value-storage id="ws2" class="org.exoplatform.services.jcr.impl.storage.value.fs.TreeFileValueStorage">
                <properties>
                  <property name="path" value="target/temp/values/ws2"/>
                </properties>
                <filters>
                  <filter property-type="Binary"/>
                </filters>
              </value-storage>
            </value-storages>
          </container>
          <cache enabled="true" class="org.exoplatform.services.jcr.impl.dataflow.persistent.LinkedWorkspaceStorageCacheImpl">
            <properties>
              <property name="max-size" value="2k"/>
              <property name="live-time" value="20m"/>
            </properties>
          </cache>
          <query-handler class="org.exoplatform.services.jcr.impl.core.query.lucene.SearchIndex">
            <properties>
              <property name="index-dir" value="target/temp/index/db1/ws2"/>
            </properties>
          </query-handler>
        </workspace>
      </workspaces>
    </repository>
  </repositories>
</repository-service>
