<?xml version="1.0" encoding="ISO-8859-1"?>
<configuration
   xmlns:xsi="http://www.w3.org/2001/XMLSchema-instance"
   xsi:schemaLocation="http://www.exoplaform.org/xml/ns/kernel_1_0.xsd http://www.exoplaform.org/xml/ns/kernel_1_0.xsd"
   xmlns="http://www.exoplaform.org/xml/ns/kernel_1_0.xsd">
	
  <component>
    <key>org.exoplatform.services.jcr.webdav.lnkproducer.LnkProducer</key>
    <type>org.exoplatform.services.jcr.webdav.lnkproducer.LnkProducer</type>
  </component>
  
  <component>
    <key>org.exoplatform.services.jcr.webdav.WebDavServiceImpl</key>
    <type>org.exoplatform.services.jcr.webdav.WebDavServiceImpl</type>
    <init-params>
      
      <value-param>
        <name>auto-mix-lockable</name>
        <value>false</value>
      </value-param>
      
      <value-param>
        <name>def-folder-node-type</name>
        <value>nt:folder</value>
      </value-param>
      
      <value-param>
        <name>def-file-node-type</name>
        <value>nt:file</value>
      </value-param>
      
      <value-param>
        <name>def-file-mimetype</name>
        <value>text/plain</value>
      </value-param>
      
      <value-param>
        <name>update-policy</name>
        <value>create-version</value>
      </value-param>
    </init-params>
  </component>
  
  <!-- WebDAV update policy options: create-version, replace, add -->
  
  <component>
    <type>org.exoplatform.services.organization.impl.mock.DummyOrganizationService</type>
  </component>

  <component>
    <key>org.exoplatform.services.jcr.config.RepositoryServiceConfiguration</key>
    <type>org.exoplatform.services.jcr.impl.config.RepositoryServiceConfigurationImpl</type>
    <init-params>
      <value-param>
        <name>conf-path</name>
        <description>JCR configuration file</description>
        <value>test-jcr-config.xml</value>
      </value-param>
    </init-params>
  </component>
  
  <component>
    <key>org.exoplatform.services.jcr.RepositoryService</key>
    <type>org.exoplatform.services.jcr.impl.RepositoryServiceImpl</type>
    <component-plugins>
      <component-plugin>
        <name>add.namespaces</name>
        <set-method>addPlugin</set-method>
        <type>org.exoplatform.services.jcr.impl.AddNamespacesPlugin</type>
        <init-params>
          <properties-param>
            <name>namespaces</name>
            <property name="dc" value="http://purl.org/dc/elements/1.1/"/>
			<property name="webdav" value="http://www.exoplatform.org/jcr/webdav"/>
          </properties-param>
        </init-params>
      </component-plugin>
      <component-plugin>
        <name>add.nodeType</name>
        <set-method>addPlugin</set-method>
        <type>org.exoplatform.services.jcr.impl.AddNodeTypePlugin</type>
        <init-params>
          <values-param>
            <name>autoCreatedInNewRepository</name>
            <description>Node types configuration file</description>
            <value>jar:/conf/ext-nodetypes-config.xml</value>
			<value>jar:/conf/webdav-nodetypes.xml</value>
          </values-param>
        </init-params>
      </component-plugin>
    </component-plugins>
  </component>
  
</configuration>

