<?xml version="1.0" encoding="ISO-8859-1"?>
<configuration>
  <component>
    <key>org.exoplatform.services.log.LogConfigurationInitializer</key>
    <type>org.exoplatform.services.log.LogConfigurationInitializer</type>
    <init-params>

      <value-param>
        <name>logger</name>
        <value>org.exoplatform.services.log.impl.BufferedLog4JLogger</value>
      </value-param>
      <value-param>
        <name>configurator</name>
        <value>org.exoplatform.services.log.impl.Log4JConfigurator</value>
      </value-param>
      <properties-param>
        <name>properties</name>
        <description>Log4J properties</description>
        <property name="log4j.rootLogger" value="INFO, stdout, file"/>
        <!-- property name="log4j.category.jcr.TransactionableDataManager" value="DEBUG, stdout, file"/>
        <property name="log4j.category.jcr.WorkspaceDataManager" value="DEBUG, stdout, file"/ -->
        <property name="log4j.category.jcr.JDBCWorkspaceDataContainer" value="DEBUG, stdout, file"/>
        <property name="log4j.category.jcr.Test" value="DEBUG, stdout, file"/>

        <property name="log4j.appender.stdout" value="org.apache.log4j.ConsoleAppender"/>

        <property name="log4j.appender.stdout.layout" value="org.apache.log4j.PatternLayout"/>
        <property name="log4j.appender.stdout.layout.ConversionPattern" value="%d{dd.MM.yyyy HH:mm:ss} *%-5p* [%t] %c{1}: %m (%F, line %L) %n"/>

        <property name="log4j.appender.file" value="org.apache.log4j.FileAppender"/>
        <property name="log4j.appender.file.File" value="target/jcr.log"/>

        <property name="log4j.appender.file.layout" value="org.apache.log4j.PatternLayout"/>
        <property name="log4j.appender.file.layout.ConversionPattern" value="%d{dd.MM.yyyy HH:mm:ss} *%-5p* [%t] %c{1}: %m (%F, line %L) %n"/>

        <property name="log4j.category.jcr.DocNodeImporter" value="DEBUG"/>
      </properties-param>
    </init-params>
  </component>

  <component>
    <key>org.exoplatform.services.log.LogService</key>
    <type>org.exoplatform.services.log.impl.LogServiceImpl</type>
    <!--Valid value: FATAL, ERROR, WARN, INFO, DEBUG, TRACE-->
      <init-params>
                   <properties-param>
                     <name>log.level.config</name>
                     <property name="org.exoplatform.services.log" value="INFO"/>
                   </properties-param>
      </init-params>
  </component>

  <component>
    <key>org.exoplatform.services.naming.InitialContextInitializer</key>
    <type>org.exoplatform.services.naming.InitialContextInitializer</type>
  <component-plugins>
       <component-plugin>
        <name>rmi.jcr</name>
        <set-method>addPlugin</set-method>
        <type>org.exoplatform.services.naming.BindReferencePlugin</type>
        <init-params>
          <value-param>
            <name>bind-name</name>
            <value>rmirepository</value>
          </value-param>
          <value-param>
            <name>class-name</name>
            <value>javax.jcr.Repository</value>
          </value-param>
          <value-param>
            <name>factory</name>
            <value>org.exoplatform.services.jcr.rmi.RepositoryFactory</value>
          </value-param>
          <properties-param>
            <name>ref-addresses</name>
            <description>ref-addresses</description>
            <property name="url" value="//localhost:9999/repository"/>
          </properties-param>
        </init-params>
       </component-plugin>
  </component-plugins>
    <init-params>
      <properties-param>
        <name>default-properties</name>
        <description>Default initial context properties</description>
        <property name="java.naming.factory.initial" value="org.exoplatform.services.naming.SimpleContextFactory"/>
        <property name="java.naming.provider.url" value="rmi://localhost:9999"/>
      </properties-param>
      <!-- properties-param>
        <name>mandatory-properties</name>
        <description>Mandatory initial context properties</description>
        <property name="java.naming.factory.initial" value="org.exoplatform.services.naming.SimpleContextFactory"/>
        <property name="java.naming.provider.url" value="rmi://localhost:9999"/>
      </properties-param -->
    </init-params>
  </component>

</configuration>
