<nodeTypes
	xmlns:nt="http://www.jcp.org/jcr/nt/1.0"
	xmlns:mix="http://www.jcp.org/jcr/mix/1.0"
	xmlns:jcr="http://www.jcp.org/jcr/1.0"
	xmlns:dc="http://purl.org/dc/elements/1.1/"
>
	<nodeType
		name="myNodeType"
		isMixin="false"
		hasOrderableChildNodes="false"
		primaryItemName=""
	>
		<supertypes>
			<supertype>nt:base</supertype>
		</supertypes>
	</nodeType>
	<nodeType
		name="myNodeTypes"
		isMixin="false"
		hasOrderableChildNodes="false"
		primaryItemName=""
	>
		<supertypes>
			<supertype>nt:base</supertype>
		</supertypes>
		<childNodeDefinitions>
			<childNodeDefinition
				name="*"
				defaultPrimaryType="myNodeType"
				autoCreated="false"
				mandatory="false"
				onParentVersion="COPY"
				protected="false"
				sameNameSiblings="false"
			>
				<requiredPrimaryTypes>
					<requiredPrimaryType>myNodeType</requiredPrimaryType>
				</requiredPrimaryTypes>
			</childNodeDefinition>
			<childNodeDefinition
				name="*"
				defaultPrimaryType="myNodeTypes"
				autoCreated="false"
				mandatory="false"
				onParentVersion="COPY"
				protected="false"
				sameNameSiblings="false"
			>
				<requiredPrimaryTypes>
					<requiredPrimaryType>myNodeTypes</requiredPrimaryType>
				</requiredPrimaryTypes>
			</childNodeDefinition>
		</childNodeDefinitions>
	</nodeType>
</nodeTypes>