<nodeTypes xmlns:nt="http://www.jcp.org/jcr/nt/1.0"
	xmlns:mix="http://www.jcp.org/jcr/mix/1.0"
	xmlns:jcr="http://www.jcp.org/jcr/1.0"
	xmlns:dc="http://purl.org/dc/elements/1.1/">
<nodeType name="exo:mySubTypeJCR805" isMixin="false" hasOrderableChildNodes="false" primaryItemName=""> 
    <supertypes> 
      <supertype>nt:base</supertype> 
    </supertypes> 
    <propertyDefinitions> 
      <propertyDefinition name="exo:myValue" requiredType="String" autoCreated="false" mandatory="true" onParentVersion="COPY" 
        protected="false" multiple="false"> 
        <valueConstraints/> 
      </propertyDefinition> 
    </propertyDefinitions> 
</nodeType> 
<nodeType name="exo:myTypeJCR805" isMixin="false" hasOrderableChildNodes="false" primaryItemName=""> 
    <supertypes> 
      <supertype>nt:base</supertype> 
    </supertypes> 
    <childNodeDefinitions> 
      <childNodeDefinition name="exo:myChildNode" defaultPrimaryType="exo:mySubTypeJCR805" autoCreated="true" mandatory="false" 
        onParentVersion="COPY" protected="false" sameNameSiblings="false"> 
        <requiredPrimaryTypes> 
          <requiredPrimaryType>exo:mySubTypeJCR805</requiredPrimaryType> 
        </requiredPrimaryTypes> 
      </childNodeDefinition> 
    </childNodeDefinitions> 
</nodeType>
<nodeType name="exo:mySubTypeJCR806" isMixin="false" hasOrderableChildNodes="false" primaryItemName=""> 
    <supertypes> 
      <supertype>nt:base</supertype> 
    </supertypes> 
    <childNodeDefinitions> 
      <childNodeDefinition name="exo:myChildNode" defaultPrimaryType="nt:base" autoCreated="true" mandatory="false" 
        onParentVersion="COPY" protected="false" sameNameSiblings="false"> 
        <requiredPrimaryTypes> 
          <requiredPrimaryType>nt:base</requiredPrimaryType> 
        </requiredPrimaryTypes> 
      </childNodeDefinition> 
    </childNodeDefinitions> 
</nodeType>
<nodeType name="exo:myTypeJCR806" isMixin="false" hasOrderableChildNodes="false" primaryItemName=""> 
    <supertypes> 
      <supertype>exo:mySubTypeJCR806</supertype> 
    </supertypes> 
    <childNodeDefinitions> 
      <childNodeDefinition name="exo:myChildNode" defaultPrimaryType="nt:base" autoCreated="true" mandatory="false" 
        onParentVersion="COPY" protected="false" sameNameSiblings="false"> 
        <requiredPrimaryTypes> 
          <requiredPrimaryType>nt:base</requiredPrimaryType> 
        </requiredPrimaryTypes> 
      </childNodeDefinition> 
    </childNodeDefinitions> 
</nodeType>
</nodeTypes>