<?xml version="1.0" encoding="ISO-8859-1"?>
<configuration>
  <component>
    <key>org.exoplatform.services.log.LogConfigurationInitializer</key>
    <type>org.exoplatform.services.log.LogConfigurationInitializer</type>
    <init-params>
      <value-param>
        <name>logger</name>
        <value>org.exoplatform.services.log.impl.BufferedLog4JLogger</value>
      </value-param>
      <value-param>
        <name>configurator</name>
        <value>org.exoplatform.services.log.impl.Log4JConfigurator</value>
      </value-param>
      <properties-param>
        <name>properties</name>
        <description>Log4J properties</description>
        <property name="log4j.rootLogger" value="INFO, stdout, file" />

        <property name="log4j.appender.stdout" value="org.apache.log4j.ConsoleAppender" />
        <property name="log4j.appender.stdout.threshold" value="INFO" />

        <property name="log4j.appender.stdout.layout" value="org.apache.log4j.PatternLayout" />
        <property name="log4j.appender.stdout.layout.ConversionPattern" value="%d{dd.MM.yyyy HH:mm:ss} *%-5p* [%t] %c{1}: %m (%F, line %L) %n" />

        <property name="log4j.appender.file" value="org.apache.log4j.FileAppender" />
        <property name="log4j.appender.file.File" value="../logs/jcr.log" />

        <property name="log4j.appender.file.layout" value="org.apache.log4j.PatternLayout" />
        <property name="log4j.appender.file.layout.ConversionPattern" value="%d{dd.MM.yyyy HH:mm:ss} *%-5p* [%t] %c{1}: %m (%F, line %L) %n" />

      </properties-param>
    </init-params>
  </component>

  <component>
    <key>org.exoplatform.services.jcr.config.RepositoryServiceConfiguration</key>
    <type>org.exoplatform.services.jcr.impl.config.RepositoryServiceConfigurationImpl</type>
    <init-params>
      <value-param>
        <name>conf-path</name>
        <description>JCR configuration file</description>
        <value>test-jcr-config-benchmark.xml</value>
      </value-param>
    </init-params>
  </component>

  <component>
    <type>org.exoplatform.services.organization.impl.mock.DummyOrganizationService</type>
  </component>

  <component>
    <key>org.exoplatform.services.transaction.TransactionService</key>
    <type>org.exoplatform.services.transaction.impl.jotm.TransactionServiceJotmImpl</type>
    <init-params>
      <value-param>
        <name>timeout</name>
        <value>5</value>
      </value-param>
    </init-params>
  </component>

  <component>
    <type>org.exoplatform.services.jcr.ext.registry.RegistryService</type>
    <init-params>
      <properties-param>
        <name>locations</name>
        <property name="db1" value="ws" />
      </properties-param>
    </init-params>
  </component>

  <component>
    <type>org.exoplatform.services.jcr.impl.ext.action.SessionActionCatalog</type>
    <component-plugins>
      <component-plugin>
        <name>addActions</name>
        <set-method>addPlugin</set-method>
        <type>org.exoplatform.services.jcr.impl.ext.action.AddActionsPlugin</type>
        <description>add actions plugin</description>
        <init-params>
          <object-param>
            <name>actions</name>
            <object type="org.exoplatform.services.jcr.impl.ext.action.AddActionsPlugin$ActionsConfig">
              <field name="actions">
                <collection type="java.util.ArrayList">
                  <value>
                    <object type="org.exoplatform.services.jcr.impl.ext.action.ActionConfiguration">
                      <field name="eventTypes">
                        <string>addProperty,changeProperty</string>
                      </field>
                      <field name="parentNodeType">
                        <string>nt:resource</string>
                      </field>
                      <field name="actionClassName">
                        <string>org.exoplatform.services.jcr.ext.metadata.AddMetadataAction</string>
                      </field>
                    </object>
                  </value>
                </collection>
              </field>
            </object>
          </object-param>
        </init-params>
      </component-plugin>
    </component-plugins>
  </component>

  <external-component-plugins>
    <target-component>org.exoplatform.services.naming.InitialContextInitializer</target-component>
    <component-plugin>
      <name>bind.datasource</name>
      <set-method>addPlugin</set-method>
      <type>org.exoplatform.services.naming.BindReferencePlugin</type>
      <init-params>
        <value-param>
          <name>bind-name</name>
          <value>jdbcexo</value>
        </value-param>
        <value-param>
          <name>class-name</name>
          <value>javax.sql.DataSource</value>
        </value-param>
        <value-param>
          <name>factory</name>
          <value>org.apache.commons.dbcp.BasicDataSourceFactory</value>
        </value-param>
        <properties-param>
          <name>ref-addresses</name>
          <description>ref-addresses</description>

          <!-- HSQL-->
          <property name="driverClassName" value="org.hsqldb.jdbcDriver" />
          <property name="url" value="jdbc:hsqldb:file:../temp/data/portal" />
          <property name="username" value="sa" />
          <property name="password" value="" />

          <!-- MySQL-->
          <!--<property name="driverClassName" value="com.mysql.jdbc.Driver" />
          <property name="url" value="jdbc:mysql://localhost/portal" />
          <property name="username" value="root" />
          <property name="password" value="admin" />
          <property name="maxActive" value="100" />
          <property name="maxIdle" value="5" />
          <property name="initialSize" value="5" />-->

          <!-- ORACLE-->
          <!--<property name="driverClassName" value="oracle.jdbc.OracleDriver" />
          <property name="url" value="jdbc:oracle:thin:@tornado.exoua-int:1523:orcl" />
          <property name="username" value="exoperf" />
          <property name="password" value="exo12321" />
          <property name="maxActive" value="50" />
          <property name="maxIdle" value="2" />
          <property name="initialSize" value="2" />-->

          <!-- POSTGRESQL-->
          <!--property name="driverClassName" value="org.postgresql.Driver" />
          <property name="url" value="jdbc:postgresql://localhost/portal" />
          <property name="username" value="postgres" />
          <property name="password" value="admin" />
          <property name="maxActive" value="100" />
          <property name="maxIdle" value="5" />
          <property name="initialSize" value="5" /-->

        </properties-param>
      </init-params>
    </component-plugin>
  </external-component-plugins>

  <remove-configuration>org.exoplatform.services.scheduler.JobSchedulerService</remove-configuration>
  <remove-configuration>org.exoplatform.services.transaction.ExoTransactionService</remove-configuration>

</configuration>
