<repository-service default-repository="repository">
  <repositories>
    <repository name="repository" system-workspace="collaboration" default-workspace="collaboration">
      <security-domain>exo-domain</security-domain>
      <authentication-policy>org.exoplatform.services.jcr.impl.core.access.PortalAuthenticationPolicy</authentication-policy>
      <workspaces>
        <workspace name="collaboration" auto-init-root-nodetype="nt:unstructured">
          <!-- for system storage -->
          <container class="org.exoplatform.services.jcr.impl.storage.jdbc.JDBCWorkspaceDataContainer">
            <properties>
              <!-- property name="dialect" value="mysql"/ -->
              <property name="dialect" value="generic"/>
              <property name="sourceName" value="jdbcexo"/>
              <property name="multi-db" value="false"/>
              <property name="update-storage" value="true"/>
              <property name="max-buffer-size" value="204800"/>
              <property name="swap-directory" value="../temp/swap/ws"/>
            </properties>
          </container>
          <cache enabled="true">
            <properties>
              <property name="maxSize" value="1000000"/>
              <property name="liveTime" value="1800"/><!-- 30 min -->
            </properties>
          </cache>
          <query-handler class="org.exoplatform.services.jcr.impl.core.query.lucene.SearchIndex">
            <properties>
              <property name="indexDir" value="../temp/index"/>
            </properties>
          </query-handler>
          <lock-manager>
            <time-out>900000</time-out><!-- 15min -->
            <persister class="org.exoplatform.services.jcr.impl.core.lock.FileSystemLockPersister">
              <properties>
                <property name="path" value="../temp/lock" />
              </properties>
            </persister>
          </lock-manager>
        </workspace>
      </workspaces>
    </repository>
  </repositories>
</repository-service>