<?xml version="1.0" encoding="ISO-8859-1"?>
<configuration>

  <component>
    <key>org.exoplatform.services.jcr.config.RepositoryServiceConfiguration</key>
    <type>org.exoplatform.services.jcr.impl.config.RepositoryServiceConfigurationImpl</type>
    <init-params>
      <value-param>
        <name>conf-path</name>
        <description>JCR configuration file</description>
        <value>test-jcr-config-benchmark.xml</value>
      </value-param>
    </init-params>
  </component>

  <component>
    <type>org.exoplatform.services.organization.impl.mock.DummyOrganizationService</type>
  </component>

  <component>
    <key>org.exoplatform.services.transaction.TransactionService</key>
    <type>org.exoplatform.services.transaction.impl.jotm.TransactionServiceJotmImpl</type>
    <init-params>
      <value-param>
        <name>timeout</name>
        <value>5</value>
      </value-param>
    </init-params>
  </component>

  <component>
    <key>org.exoplatform.services.naming.InitialContextInitializer</key>
    <type>org.exoplatform.services.naming.InitialContextInitializer</type>
    <component-plugins>
      <component-plugin>
        <name>bind.datasource</name>
        <set-method>addPlugin</set-method>
        <type>org.exoplatform.services.naming.BindReferencePlugin</type>
        <init-params>
          <value-param>
            <name>bind-name</name>
            <value>jdbcjcr</value>
          </value-param>
          <value-param>
            <name>class-name</name>
            <value>javax.sql.DataSource</value>
          </value-param>
          <value-param>
            <name>factory</name>
            <value>org.apache.commons.dbcp.BasicDataSourceFactory</value>
          </value-param>
          <properties-param>
            <name>ref-addresses</name>
            <description>ref-addresses</description>
            <property name="driverClassName" value="org.hsqldb.jdbcDriver"/>
            <property name="url" value="jdbc:hsqldb:file:../temp/data/portal"/>
            <property name="username" value="sa"/>
            <property name="password" value=""/>

<!-- MySQL
            <property name="driverClassName" value="com.mysql.jdbc.Driver"/>
            <property name="url" value="jdbc:mysql://localhost/jcr"/>
            <property name="username" value="root"/>
            <property name="password" value="root"/>
            <property name="maxActive" value="150"/>
            <property name="maxIdle" value="5"/>
            <property name="initialSize" value="5"/>
-->
<!-- ORACLE
            <property name="driverClassName" value="oracle.jdbc.OracleDriver"/>
            <property name="url" value="jdbc:oracle:thin:@192.168.0.10:1521/XE"/>
            <property name="username" value="exoadmin2"/>
            <property name="password" value="exo12321"/>
            <property name="maxActive" value="10"/>
            <property name="maxIdle" value="2"/>
            <property name="initialSize" value="2"/>
-->

<!-- POSTGRESQL
            <property name="driverClassName" value="org.postgresql.Driver"/>
            <property name="url" value="jdbc:postgresql://192.168.0.10/jcr"/>
            <property name="username" value="exoadmin"/>
            <property name="password" value="exo12321"/>
            <property name="maxActive" value="100"/>
            <property name="maxIdle" value="5"/>
            <property name="initialSize" value="5"/>
-->
          </properties-param>
        </init-params>
      </component-plugin>
    </component-plugins>
    <init-params>
      <properties-param>
        <name>default-properties</name>
        <description>Default initial context properties</description>
        <property name="java.naming.factory.initial" value="org.exoplatform.services.naming.SimpleContextFactory"/>
      </properties-param>
    </init-params>
  </component>

  <remove-configuration>org.exoplatform.services.scheduler.JobSchedulerService</remove-configuration>
  <remove-configuration>org.exoplatform.services.transaction.ExoTransactionService</remove-configuration>

</configuration>
