<?xml version="1.0" encoding="ISO-8859-1"?>
<configuration>

  <component>
    <type>org.exoplatform.services.rest.ResourceRouter</type>
    <init-params>
    	<value-param>
    		<name>wrapper-strategy</name>
    		<value>org.exoplatform.services.rest.wrapper.http.HTTPAnnotatedWrapperResolvingStrategy</value>
    	</value-param>
    </init-params>
  </component>

</configuration>
