<?xml version="1.0" encoding="ISO-8859-1"?>
<configuration>
  <component>
    <key>org.exoplatform.services.command.impl.CommandService</key>
    <type>org.exoplatform.services.command.impl.CommandService</type>
    <component-plugins>
      <component-plugin>
          <name>config.catalog</name>
          <set-method>addPlugin</set-method>
          <type>org.exoplatform.services.command.impl.CommonsXMLConfigurationPlugin</type>
          <init-params>
            <value-param>
              <name>config-file</name>
              <value>conf/test-commands1.xml</value>
            </value-param>
          </init-params>
      </component-plugin>
    </component-plugins>
  </component>

  <component>
    <key>org.exoplatform.services.log.LogConfigurationInitializer</key>
    <type>org.exoplatform.services.log.LogConfigurationInitializer</type>
    <init-params>

      <value-param>
        <name>logger</name>
        <value>org.exoplatform.services.log.impl.BufferedLog4JLogger</value>
      </value-param>
      <value-param>
        <name>configurator</name>
        <value>org.exoplatform.services.log.impl.Log4JConfigurator</value>
      </value-param>
      <properties-param>
        <name>properties</name>
        <description>Log4J properties</description>
        <property name="log4j.rootLogger" value="INFO, stdout, file"/>
        <!-- property name="log4j.category.jcr.TransactionableDataManager" value="DEBUG, stdout, file"/>
        <property name="log4j.category.jcr.WorkspaceDataManager" value="DEBUG, stdout, file"/ -->
        <property name="log4j.category.jcr.JDBCWorkspaceDataContainer" value="DEBUG, stdout, file"/>
        <property name="log4j.category.jcr.Test" value="DEBUG, stdout, file"/>

        <property name="log4j.appender.stdout" value="org.apache.log4j.ConsoleAppender"/>

        <property name="log4j.appender.stdout.layout" value="org.apache.log4j.PatternLayout"/>
        <property name="log4j.appender.stdout.layout.ConversionPattern" value="%d{dd.MM.yyyy HH:mm:ss} *%-5p* [%t] %c{1}: %m (%F, line %L) %n"/>

        <property name="log4j.appender.file" value="org.apache.log4j.FileAppender"/>
        <property name="log4j.appender.file.File" value="target/jcr.log"/>

        <property name="log4j.appender.file.layout" value="org.apache.log4j.PatternLayout"/>
        <property name="log4j.appender.file.layout.ConversionPattern" value="%d{dd.MM.yyyy HH:mm:ss} *%-5p* [%t] %c{1}: %m (%F, line %L) %n"/>
      </properties-param>

    </init-params>
  </component>

  <component>
      <key>org.exoplatform.services.cache.CacheService</key>
      <type>org.exoplatform.services.cache.impl.CacheServiceImpl</type>
      <init-params>
      <object-param>
        <name>cache.config.default</name>
        <description>The default cache configuration</description>
        <object type="org.exoplatform.services.cache.ExoCacheConfig">
          <field  name="name"><string>default</string></field>
          <field  name="maxSize"><int>100</int></field>
          <field  name="liveTime"><long>300</long></field>
          <field  name="distributed"><boolean>false</boolean></field>
          <field  name="implementation"><string>org.exoplatform.services.jcr.impl.dataflow.persistent.WorkspaceDataCache</string></field>
        </object>
      </object-param>
    </init-params>
  </component>

  <component>
    <key>org.exoplatform.services.log.LogService</key>
    <type>org.exoplatform.services.log.impl.LogServiceImpl</type>
    <!--Valid value: FATAL, ERROR, WARN, INFO, DEBUG, TRACE-->
      <init-params>
                   <properties-param>
                     <name>log.level.config</name>
                     <property name="org.exoplatform.services.log" value="INFO"/>
                   </properties-param>
      </init-params>
  </component>

  <component>
    <key>org.exoplatform.services.idgenerator.IDGeneratorService</key>
    <type>org.exoplatform.services.idgenerator.impl.IDGeneratorServiceImpl</type>
  </component>

  <component>
    <key>org.exoplatform.services.transaction.TransactionService</key>
    <type>org.exoplatform.services.transaction.impl.jotm.TransactionServiceJotmImpl</type>
    <init-params>
      <value-param>
        <name>timeout</name>
        <value>5</value>
      </value-param>
    </init-params>
  </component>

  <component>
    <key>org.exoplatform.services.naming.InitialContextInitializer</key>
    <type>org.exoplatform.services.naming.InitialContextInitializer</type>
    <component-plugins>
      <component-plugin>
        <name>bind.datasource</name>
        <set-method>addPlugin</set-method>
        <type>org.exoplatform.services.naming.BindReferencePlugin</type>
        <init-params>
          <value-param>
            <name>bind-name</name>
            <value>jdbcjcr</value>
          </value-param>
          <value-param>
            <name>class-name</name>
            <value>javax.sql.DataSource</value>
          </value-param>
          <value-param>
            <name>factory</name>
            <value>org.apache.commons.dbcp.BasicDataSourceFactory</value>
          </value-param>
          <properties-param>
            <name>ref-addresses</name>
            <description>ref-addresses</description>
            <property name="driverClassName" value="org.hsqldb.jdbcDriver"/>
            <property name="url" value="jdbc:hsqldb:file:target/temp/data/portal"/>
            <property name="username" value="sa"/>
            <property name="password" value=""/>
          </properties-param>
        </init-params>
      </component-plugin>
    </component-plugins>
    <init-params>
      <value-param>
        <name>default-context-factory</name>
        <value>org.exoplatform.services.naming.SimpleContextFactory</value>
      </value-param>
    </init-params>
  </component>

  <component>
    <key>org.exoplatform.services.database.jdbc.DBSchemaCreator</key>
    <type>org.exoplatform.services.database.jdbc.DBSchemaCreator</type>
    <component-plugins>
      <component-plugin>
          <name>jcr.dbschema</name>
          <set-method>addPlugin</set-method>
          <type>org.exoplatform.services.database.jdbc.CreateDBSchemaPlugin</type>
          <init-params>
            <value-param>
              <name>data-source</name>
              <value>jdbcjcr</value>
            </value-param>
            <value-param>
              <name>script-file</name>
              <value>conf/storage/jcr-mjdbc.sql</value>
            </value-param>
          </init-params>
      </component-plugin>
    </component-plugins>
  </component>

  <component>
    <key>org.exoplatform.services.jcr.RepositoryService</key>
    <type>org.exoplatform.services.jcr.impl.RepositoryServiceImpl</type>
  </component>

  <component>
    <key>org.exoplatform.services.jcr.config.RepositoryServiceConfiguration</key>
    <type>org.exoplatform.services.jcr.impl.config.RepositoryServiceConfigurationImpl</type>
    <init-params>
      <value-param>
        <name>conf-path</name>
        <description>JCR configuration file</description>
        <value>file:src/main/java/conf/standalone/test-jcr-config.xml</value>
      </value-param>
    </init-params>
  </component>

  <component>
    <type>org.exoplatform.services.jcr.impl.mock.DummyOrganizationService</type>
  </component>

  <component>
          <key>org.exoplatform.services.security.SecurityService</key>
          <type>org.exoplatform.services.security.impl.SecurityServiceImpl</type>
    <init-params>
      <value-param>
        <name>security.authentication</name>
        <value>standalone</value>
      </value-param>
    </init-params>
  </component>

  <component>
    <key>org.exoplatform.services.document.DocumentReaderService</key>
    <type>org.exoplatform.services.document.impl.DocumentReaderServiceImpl</type>
  </component>

  <external-component-plugins>
    <target-component>org.exoplatform.services.remote.group.CommunicationService</target-component>
    <component-plugin>
      <name>synchronize.cache.handler</name>
      <set-method>addPlugin</set-method>
      <type>org.exoplatform.services.cache.impl.SynchronizeCacheMessageHandler</type>
      <description>synchronize the cache</description>
    </component-plugin>
  </external-component-plugins>

</configuration>
