<?xml version="1.0" encoding="ISO-8859-1"?>

<configuration
   xmlns:xsi="http://www.w3.org/2001/XMLSchema-instance"
   xsi:schemaLocation="http://www.exoplaform.org/xml/ns/kernel_1_0.xsd http://www.exoplaform.org/xml/ns/kernel_1_0.xsd"
   xmlns="http://www.exoplaform.org/xml/ns/kernel_1_0.xsd">
   
   <!-- config replication for IPv4 -->
  <!-- for persistent mode -->
  <component>
    <type>org.exoplatform.services.jcr.ext.replication.ReplicationService</type>
    <init-params>
      <values-param>
          <name>repositories</name>
            <value>db1</value>
            <value>db2</value>
      </values-param>
      <properties-param>
        <name>replication-properties</name>
          <property name="test-mode" value="true"/>
          <property name="enabled" value="true"/>
          <property name="mode" value="persistent"/>
          <property name="bind-ip-address" value="127.0.0.1"/>
          <property name="channel-config" value="TCP(start_port=7700;oob_thread_pool.queue_max_size=100;thread_naming_pattern=cl;use_concurrent_stack=true;oob_thread_pool.rejection_policy=Run;discard_incompatible_packets=true;thread_pool.max_threads=40;oob_thread_pool.enabled=true;oob_thread_pool.max_threads=20;loopback=false;oob_thread_pool.keep_alive_time=5000;thread_pool.queue_enabled=false;oob_thread_pool.queue_enabled=false;max_bundle_size=64000;thread_pool.queue_max_size=100;thread_pool.enabled=true;enable_diagnostics=true;max_bundle_timeout=30;oob_thread_pool.min_threads=8;use_incoming_packet_handler=true;thread_pool.rejection_policy=Run;bind_addr=$bind-ip-address;thread_pool.min_threads=8;thread_pool.keep_alive_time=5000;enable_bundling=true):MPING(timeout=2000;num_initial_members=8;mcast_port=34526;mcast_addr=224.0.0.1):FD_SOCK:VERIFY_SUSPECT(timeout=1500):pbcast.NAKACK(max_xmit_size=60000;print_stability_history_on_failed_xmit=true;use_mcast_xmit=false;gc_lag=0;discard_delivered_msgs=true;retransmit_timeout=300,600,1200,2400,4800):pbcast.STABLE(stability_delay=1000;desired_avg_gossip=50000;max_bytes=8000000):pbcast.GMS(print_local_addr=true;join_timeout=3000;view_bundling=true;join_retry_timeout=2000;shun=false)"/>
          <property name="recovery-dir" value="target/replication/recovery"/>
          <property name="node-name" value="cluster_node1"/>
          <property name="other-participants" value="cluster_node2"/>
          <property name="wait-confirmation" value="10"/>
      </properties-param>
      <properties-param>
        <name>replication-priority-properties</name>
          <property name="priority-type" value ="static"/> <!-- {static, dynamic} --> 
          <property name="node-priority" value="100"/> <!-- max == 100 -->
      </properties-param>
    </init-params>
  </component>
  
  <!-- for proxy mode -->
  <!-- component>
    <type>org.exoplatform.services.jcr.ext.replication.ReplicationService</type>
    <init-params>
      <values-param>
          <name>repositories</name>
            <value>db1</value>
            <value>db2</value>
      </values-param>
      <properties-param>
        <name>replication-properties</name>
          <property name="test-mode" value="true"/>
          <property name="enabled" value="true"/>
          <property name="mode" value="proxy"/>
          <property name="bind-ip-address" value="192.168.0.15"/>
          <property name="channel-config" value="TCP(start_port=7700;oob_thread_pool.queue_max_size=100;thread_naming_pattern=cl;use_concurrent_stack=true;oob_thread_pool.rejection_policy=Run;discard_incompatible_packets=true;thread_pool.max_threads=40;oob_thread_pool.enabled=true;oob_thread_pool.max_threads=20;loopback=false;oob_thread_pool.keep_alive_time=5000;thread_pool.queue_enabled=false;oob_thread_pool.queue_enabled=false;max_bundle_size=64000;thread_pool.queue_max_size=100;thread_pool.enabled=true;enable_diagnostics=true;max_bundle_timeout=30;oob_thread_pool.min_threads=8;use_incoming_packet_handler=true;thread_pool.rejection_policy=Run;bind_addr=$bind-ip-address;thread_pool.min_threads=8;thread_pool.keep_alive_time=5000;enable_bundling=true):MPING(timeout=2000;num_initial_members=8;mcast_port=34526;mcast_addr=224.0.0.1):FD_SOCK:VERIFY_SUSPECT(timeout=1500):pbcast.NAKACK(max_xmit_size=60000;print_stability_history_on_failed_xmit=true;use_mcast_xmit=false;gc_lag=0;discard_delivered_msgs=true;retransmit_timeout=300,600,1200,2400,4800):pbcast.STABLE(stability_delay=1000;desired_avg_gossip=50000;max_bytes=8000000):pbcast.GMS(print_local_addr=true;join_timeout=3000;view_bundling=true;join_retry_timeout=2000;shun=false)"/>
        <property name="recovery-dir" value="target/replication/recovery"/>
        <property name="node-name" value="cluster_node1"/>
          <property name="other-participants" value="cluster_node2"/>
          <property name="wait-confirmation" value="10"/>
      </properties-param>
      <properties-param>
        <name>replication-priority-properties</name>
          <property name="priority-type" value ="static"/>  
          <property name="node-priority" value="100"/>
      </properties-param>
    </init-params>
  </component -->
  
  
   <!-- config replication for IPv6 -->
   <!-- component>
    <type>org.exoplatform.services.jcr.ext.replication.ReplicationService</type>
    <init-params>
      <values-param>
          <name>repositories</name>
            <value>db1</value>
            <value>db2</value>
      </values-param>
      <properties-param>
        <name>replication-properties</name>
          <property name="test-mode" value="true"/>
          <property name="enabled" value="true"/>
          <property name="mode" value="persistent"/>
          <property name="bind-ip-address" value="fe80::215:f2ff:febe:3343%4"/>
          <property name="channel-config" value="TCP(start_port=7700;oob_thread_pool.queue_max_size=100;thread_naming_pattern=cl;use_concurrent_stack=true;oob_thread_pool.rejection_policy=Run;discard_incompatible_packets=true;thread_pool.max_threads=40;oob_thread_pool.enabled=true;oob_thread_pool.max_threads=20;loopback=false;oob_thread_pool.keep_alive_time=5000;thread_pool.queue_enabled=false;oob_thread_pool.queue_enabled=false;max_bundle_size=64000;thread_pool.queue_max_size=100;thread_pool.enabled=true;enable_diagnostics=true;max_bundle_timeout=30;oob_thread_pool.min_threads=8;use_incoming_packet_handler=true;thread_pool.rejection_policy=Run;bind_addr=$bind-ip-address;thread_pool.min_threads=8;thread_pool.keep_alive_time=5000;enable_bundling=true):MPING(timeout=2000;num_initial_members=8;mcast_port=34526;mcast_addr=ff18:eb72:479f::2:3):FD_SOCK:VERIFY_SUSPECT(timeout=1500):pbcast.NAKACK(max_xmit_size=60000;print_stability_history_on_failed_xmit=true;use_mcast_xmit=false;gc_lag=0;discard_delivered_msgs=true;retransmit_timeout=300,600,1200,2400,4800):pbcast.STABLE(stability_delay=1000;desired_avg_gossip=50000;max_bytes=8000000):pbcast.GMS(print_local_addr=true;join_timeout=3000;view_bundling=true;join_retry_timeout=2000;shun=false)"/>
          <property name="recovery-dir" value="target/replication/recovery"/>
          <property name="node-name" value="cluster_node1"/>
          <property name="other-participants" value="cluster_node2"/>
          <property name="wait-confirmation" value="10"/>
      </properties-param>
      <properties-param>
        <name>replication-priority-properties</name>
          <property name="priority-type" value ="static"/> 
          <property name="node-priority" value="100"/>
      </properties-param>
  </component -->  

  <component>
    <key>org.exoplatform.services.log.LogConfigurationInitializer</key>
    <type>org.exoplatform.services.log.LogConfigurationInitializer</type>
    <init-params>
      <value-param>
        <name>logger</name>
        <value>org.exoplatform.services.log.impl.BufferedLog4JLogger</value>
      </value-param>
      <value-param>
        <name>configurator</name>
        <value>org.exoplatform.services.log.impl.Log4JConfigurator</value>
      </value-param>
      <properties-param>
        <name>properties</name>
        <description>Log4J properties</description>
        <property name="log4j.rootLogger" value="INFO, stdout, file"/>

        <property name="log4j.appender.stdout" value="org.apache.log4j.ConsoleAppender"/>
        <property name="log4j.appender.stdout.threshold" value="DEBUG"/>

        <property name="log4j.appender.stdout.layout" value="org.apache.log4j.PatternLayout"/>
        <property name="log4j.appender.stdout.layout.ConversionPattern" value="%d{dd.MM.yyyy HH:mm:ss} *%-5p* [%t] %c{1}: %m (%F, line %L) %n"/>

        <property name="log4j.appender.file" value="org.apache.log4j.FileAppender"/>
        <property name="log4j.appender.file.File" value="target/jcr.log"/>

        <property name="log4j.appender.file.layout" value="org.apache.log4j.PatternLayout"/>
        <property name="log4j.appender.file.layout.ConversionPattern" value="%d{dd.MM.yyyy HH:mm:ss} *%-5p* [%t] %c{1}: %m (%F, line %L) %n"/>

        <!-- property name="log4j.category.jcr.DBInitializer" value="DEBUG"/ -->
        <!-- property name="log4j.category.ext.AbstractWorkspaceDataReceiver" value="DEBUG"/ -->

      </properties-param>
    </init-params>
  </component>

    <component>
      <key>org.exoplatform.services.jcr.RepositoryService</key>
      <type>org.exoplatform.services.jcr.impl.RepositoryServiceImpl</type>
      <component-plugins>
        <component-plugin>
            <name>add.namespaces</name>
            <set-method>addPlugin</set-method>
            <type>org.exoplatform.services.jcr.impl.AddNamespacesPlugin</type>
            <init-params>
              <properties-param>
                <name>namespaces</name>
                <property name="test" value="http://www.apache.org/jackrabbit/test"/>
                <property name="exojcrtest" value="http://www.exoplatform.org/jcr/test/1.0"/>
              </properties-param>
            </init-params>
        </component-plugin>
        <component-plugin>
          <name>add.nodeType</name>
          <set-method>addPlugin</set-method>
          <type>org.exoplatform.services.jcr.impl.AddNodeTypePlugin</type>
          <init-params>
            <values-param>
              <name>autoCreatedInNewRepository</name>
              <description>Node types configuration file</description>
              <!-- value>jar:/conf/test/nodetypes-impl.xml</value -->
            </values-param>
          </init-params>
        </component-plugin>
      </component-plugins>
    </component>

  <component>
      <key>org.exoplatform.services.jcr.config.RepositoryServiceConfiguration</key>
      <type>org.exoplatform.services.jcr.impl.config.RepositoryServiceConfigurationImpl</type>
      <init-params>
        <value-param>
          <name>conf-path</name>
          <description>JCR configuration file</description>
          <value>file:src/test/java/conf/standalone/test-jcr-ext-config-replication.xml</value>
        </value-param>
      </init-params>
  </component>

  <component>
    <type>org.exoplatform.services.organization.impl.mock.DummyOrganizationService</type>
  </component>
  
  <external-component-plugins>
    <target-component>org.exoplatform.services.naming.InitialContextInitializer</target-component>
    <component-plugin>
	        <name>bind.datasource</name>
	        <set-method>addPlugin</set-method>
	        <type>org.exoplatform.services.naming.BindReferencePlugin</type>
	        <init-params>
	          <value-param>
	            <name>bind-name</name>
	            <value>jdbcjcr</value>
	          </value-param>
	          <value-param>
	            <name>class-name</name>
	            <value>javax.sql.DataSource</value>
	          </value-param>
	          <value-param>
	            <name>factory</name>
	            <value>org.apache.commons.dbcp.BasicDataSourceFactory</value>
	          </value-param>
	          <properties-param>
	            <name>ref-addresses</name>
	            <description>ref-addresses</description>
	            <property name="driverClassName" value="org.hsqldb.jdbcDriver"/>
	            <property name="url" value="jdbc:hsqldb:file:target/temp/data/portal1"/>
	            <property name="username" value="sa"/>
	            <property name="password" value=""/>
	          </properties-param>
	        </init-params>
	      </component-plugin>
	      <component-plugin>
	        <name>bind.datasource</name>
	        <set-method>addPlugin</set-method>
	        <type>org.exoplatform.services.naming.BindReferencePlugin</type>
	        <init-params>
	          <value-param>
	            <name>bind-name</name>
	            <value>jdbcjcr1</value>
	          </value-param>
	          <value-param>
	            <name>class-name</name>
	            <value>javax.sql.DataSource</value>
	          </value-param>
	          <value-param>
	            <name>factory</name>
	            <value>org.apache.commons.dbcp.BasicDataSourceFactory</value>
	          </value-param>
	          <properties-param>
	            <name>ref-addresses</name>
	            <description>ref-addresses</description>
	            <property name="driverClassName" value="org.hsqldb.jdbcDriver" />
	            <property name="url" value="jdbc:hsqldb:file:target/temp2/data/portal2" />
	            <property name="username" value="sa" />
	            <property name="password" value="" />
	          </properties-param>
	        </init-params>
	      </component-plugin>
	      <component-plugin>
	        <name>bind.datasource</name>
	        <set-method>addPlugin</set-method>
	        <type>org.exoplatform.services.naming.BindReferencePlugin</type>
	        <init-params>
	          <value-param>
	            <name>bind-name</name>
	            <value>jdbcjcr2</value>
	          </value-param>
	          <value-param>
	            <name>class-name</name>
	            <value>javax.sql.DataSource</value>
	          </value-param>
	          <value-param>
	            <name>factory</name>
	            <value>org.apache.commons.dbcp.BasicDataSourceFactory</value>
	          </value-param>
	          <properties-param>
	            <name>ref-addresses</name>
	            <description>ref-addresses</description>
	            <property name="driverClassName" value="org.hsqldb.jdbcDriver"/>
	            <property name="url" value="jdbc:hsqldb:file:target/temp1/data/portal1"/>
	            <property name="username" value="sa"/>
	            <property name="password" value=""/>
	          </properties-param>
	        </init-params>
	     </component-plugin>
	      <component-plugin>
	        <name>jotm.tx</name>
	        <set-method>addPlugin</set-method>
	        <type>org.exoplatform.services.naming.BindReferencePlugin</type>
	        <init-params>
	          <value-param>
	            <name>bind-name</name>
	            <value>UserTransaction</value>
	          </value-param>
	          <value-param>
	            <name>class-name</name>
	            <value>javax.transaction.UserTransaction</value>
	          </value-param>
	          <value-param>
	            <name>factory</name>
	            <value>org.objectweb.jotm.UserTransactionFactory</value>
	          </value-param>
	          <properties-param>
	            <name>ref-addresses</name>
	            <description>ref-addresses</description>
	            <property name="jotm.timeout" value="60"/>
	          </properties-param>
	        </init-params>
	     </component-plugin>
	     <component-plugin>
	        <name>bind.jcr</name>
	        <set-method>addPlugin</set-method>
	        <type>org.exoplatform.services.naming.BindReferencePlugin</type>
	        <init-params>
	          <value-param>
	            <name>bind-name</name>
	            <value>repo</value>
	          </value-param>
	          <value-param>
	            <name>class-name</name>
	            <value>javax.jcr.Repository</value>
	          </value-param>
	          <value-param>
	            <name>factory</name>
	            <value>org.exoplatform.services.jcr.impl.jndi.BindableRepositoryFactory</value>
	          </value-param>
	          <properties-param>
	            <name>ref-addresses</name>
	            <description>ref-addresses</description>
	            <property name="repositoryName" value="db1"/>
	          </properties-param>
	        </init-params>
	       </component-plugin>
	       <component-plugin>
	        <name>rmi.jcr</name>
	        <set-method>addPlugin</set-method>
	        <type>org.exoplatform.services.naming.BindReferencePlugin</type>
	        <init-params>
	          <value-param>
	            <name>bind-name</name>
	            <value>rmirepository</value>
	          </value-param>
	          <value-param>
	            <name>class-name</name>
	            <value>javax.jcr.Repository</value>
	          </value-param>
	          <value-param>
	            <name>factory</name>
	            <value>org.exoplatform.services.jcr.rmi.RepositoryFactory</value>
	          </value-param>
	          <properties-param>
	            <name>ref-addresses</name>
	            <description>ref-addresses</description>
	            <property name="url" value="//localhost:9999/repository"/>
	          </properties-param>
	        </init-params>
       </component-plugin>
  </external-component-plugins>

  <remove-configuration>org.exoplatform.services.scheduler.JobSchedulerService</remove-configuration>
  
</configuration>
