<!-- for persistent mode -->

<repository-service default-repository="db1">
  <repositories>

    <repository name="db1" system-workspace="ws" default-workspace="ws">
      <security-domain>exo-domain</security-domain>
      <access-control>optional</access-control>
      
      <authentication-policy>org.exoplatform.services.jcr.impl.core.access.PortalAuthenticationPolicy</authentication-policy>
      <workspaces>
        <workspace name="ws" auto-init-root-nodetype="nt:unstructured" auto-init-permissions="any read;*:/admin read;*:/admin add_node;*:/admin set_property;*:/admin remove">
          <container class="org.exoplatform.services.jcr.impl.storage.jdbc.JDBCWorkspaceDataContainer">
            <properties>
              <property name="source-name" value="jdbcjcr2"/>
              <property name="dialect" value="generic"/>
              <property name="multi-db" value="true"/>
              <property name="update-storage" value="true"/>
              <property name="max-buffer-size" value="200k"/>
              <property name="swap-directory" value="target/temp1/swap/ws"/>
            </properties>
            <value-storages>
              <value-storage id="Storage #1" class="org.exoplatform.services.jcr.impl.storage.value.fs.TreeFileValueStorage">
                <properties>
                  <property name="path" value="target/temp1/values/ws"/>
                </properties>
                <filters>
                  <filter property-type="Binary" min-value-size="100000"/>
                </filters>
              </value-storage>
            </value-storages>
          </container>
          <cache enabled="true">
            <properties>
              <property name="max-size" value="1000"/>
              <property name="live-time" value="1800"/>
            </properties>
          </cache>
          <query-handler class="org.exoplatform.services.jcr.impl.core.query.lucene.SearchIndex">
            <properties>
              <property name="index-dir" value="target/temp1/index"/>
            </properties>
          </query-handler>
        </workspace>
      </workspaces>
    </repository>
   
    <repository name="db2" system-workspace="ws" default-workspace="ws">
      <security-domain>exo-domain</security-domain>
      <access-control>optional</access-control>
      
      <authentication-policy>org.exoplatform.services.jcr.impl.core.access.PortalAuthenticationPolicy</authentication-policy>
      <workspaces>
        <workspace name="ws" auto-init-root-nodetype="nt:unstructured" auto-init-permissions="any read;*:/admin read;*:/admin add_node;*:/admin set_property;*:/admin remove">
          <container class="org.exoplatform.services.jcr.impl.storage.jdbc.JDBCWorkspaceDataContainer">
            <properties>
              <property name="source-name" value="jdbcjcr1"/>
              <property name="dialect" value="generic"/>
              <property name="multi-db" value="true"/>
              <property name="update-storage" value="true"/>
              <property name="max-buffer-size" value="204800"/>
              <property name="swap-directory" value="target/temp2/swap/ws"/>
            </properties>
            <value-storages>
              <value-storage id="Storage #1" class="org.exoplatform.services.jcr.impl.storage.value.fs.TreeFileValueStorage">
                <properties>
                  <property name="path" value="target/temp2/values/ws"/>
                </properties>
                <filters>
                  <filter property-type="Binary"  min-value-size="100000"/>
                </filters>
              </value-storage>
            </value-storages>
          </container>
          <cache enabled="true">
            <properties>
              <property name="max-size" value="1000"/>
              <property name="live-time" value="1800"/>
            </properties>
          </cache>
          <query-handler class="org.exoplatform.services.jcr.impl.core.query.lucene.SearchIndex">
            <properties>
              <property name="index-dir" value="target/temp2/index"/>
            </properties>
          </query-handler>
        </workspace>
      </workspaces>
    </repository>
    
  </repositories>
</repository-service>

<!-- for proxy mode -->

<!-- repository-service default-repository="db1">
  <repositories>

    <repository name="db1" system-workspace="ws" default-workspace="ws">
      <security-domain>exo-domain</security-domain>
      <access-control>optional</access-control>

      <authentication-policy>org.exoplatform.services.jcr.impl.core.access.PortalAuthenticationPolicy</authentication-policy>
      <workspaces>
        <workspace name="ws" auto-init-root-nodetype="nt:unstructured" auto-init-permissions="any read;*:/admin read;*:/admin add_node;*:/admin set_property;*:/admin remove">
          <container class="org.exoplatform.services.jcr.impl.storage.jdbc.JDBCWorkspaceDataContainer">
            <properties>
              <property name="source-name" value="jdbcjcr1"/>
              <property name="dialect" value="generic"/>
              <property name="multi-db" value="true"/>
              <property name="update-storage" value="true"/>
              <property name="max-buffer-size" value="204800"/>
              <property name="swap-directory" value="target/temp1/swap/ws"/>
            </properties>
            <value-storages>
              <value-storage id="Storage #1" class="org.exoplatform.services.jcr.impl.storage.value.fs.TreeFileValueStorage">
                <properties>
                  <property name="path" value="target/temp1/values/ws"/>
                </properties>
                <filters>
                  <filter property-type="Binary" min-value-size="100000"/>
                </filters>
              </value-storage>
            </value-storages>
          </container>
          <cache enabled="true">
            <properties>
              <property name="max-size" value="1000"/>
              <property name="live-time" value="1800"/>
            </properties>
          </cache>
          <query-handler class="org.exoplatform.services.jcr.impl.core.query.lucene.SearchIndex">
            <properties>
              <property name="index-dir" value="target/temp1/index"/>
            </properties>
          </query-handler>
        </workspace>
      </workspaces>
    </repository>

    <repository name="db2" system-workspace="ws" default-workspace="ws">
      <security-domain>exo-domain</security-domain>
      <access-control>optional</access-control>

      <authentication-policy>org.exoplatform.services.jcr.impl.core.access.PortalAuthenticationPolicy</authentication-policy>
      <workspaces>
        <workspace name="ws" auto-init-root-nodetype="nt:unstructured" auto-init-permissions="any read;*:/admin read;*:/admin add_node;*:/admin set_property;*:/admin remove">
          <container class="org.exoplatform.services.jcr.impl.storage.jdbc.JDBCWorkspaceDataContainer">
            <properties>
              <property name="source-name" value="jdbcjcr1"/>
              <property name="dialect" value="generic"/>
              <property name="multi-db" value="true"/>
              <property name="update-storage" value="true"/>
              <property name="max-buffer-size" value="204800"/>
              <property name="swap-directory" value="target/temp1/swap/ws"/>
            </properties>
            <value-storages>
              <value-storage id="Storage #1" class="org.exoplatform.services.jcr.impl.storage.value.fs.TreeFileValueStorage">
                <properties>
                  <property name="path" value="target/temp1/values/ws"/>
                </properties>
                <filters>
                  <filter property-type="Binary"  min-value-size="100000"/>
                </filters>
              </value-storage>
            </value-storages>
          </container>
          <cache enabled="true">
            <properties>
              <property name="max-size" value="1000"/>
              <property name="live-time" value="1800"/>
            </properties>
          </cache>
          <query-handler class="org.exoplatform.services.jcr.impl.core.query.lucene.SearchIndex">
            <properties>
              <property name="index-dir" value="target/temp2/index"/>
            </properties>
          </query-handler>
        </workspace>
      </workspaces>
    </repository>

  </repositories>
</repository-service -->
