<repository-service default-repository="db1">
  <repositories>  
    <repository name="db1" system-workspace="ws" default-workspace="ws">
      <security-domain>exo-domain</security-domain>
      <!-- access-control>optional</access-control -->
      <!-- access-control>disable</access-control -->
      <session-max-age>1h</session-max-age>
      <authentication-policy>org.exoplatform.services.jcr.impl.core.access.JAASAuthenticator</authentication-policy>
      <workspaces>
        <workspace name="ws">
          <container class="org.exoplatform.services.jcr.aws.storage.sdb.SDBWorkspaceDataContainer">
            <properties>
              <property name="max-buffer-size" value="200k"/>
              <property name="swap-directory" value="target/temp/swap/ws"/>
              <property name="aws-access-key" value="z"/>
              <property name="aws-secret-access-key" value="z"/>
              <property name="domain-name" value="jcr-test-ws"/>
            </properties>
            <value-storages>
              <value-storage id="ws" class="org.exoplatform.services.jcr.aws.storage.value.s3.SimpleS3ValueStorage">
                <properties>
                  <property name="bucket" value="jcr-test"/>
                  <property name="aws-access-key" value="z"/>
                  <property name="aws-secret-access-key" value="z"/>
                  <property name="s3-swap-directory" value="target/temp/s3swap/ws"/>
                </properties>
                <filters>
                  <filter property-type="Binary" min-value-size="850"/>
                  <filter property-type="String" min-value-size="1020"/>
                </filters>
              </value-storage>
            </value-storages>
          </container>
          <initializer class="org.exoplatform.services.jcr.impl.core.ScratchWorkspaceInitializer">
            <properties>
              <property name="root-nodetype" value="nt:unstructured"/>
            </properties>
          </initializer>
          <cache enabled="true">
            <properties>
              <property name="max-size" value="10k"/>
              <property name="live-time" value="30m"/>
            </properties>
          </cache>
          <query-handler class="org.exoplatform.services.jcr.impl.core.query.lucene.SearchIndex">
            <properties>
              <property name="index-dir" value="target/temp/index/db1/ws"/>
              <property name="synonymprovider-class" value="org.exoplatform.services.jcr.impl.core.query.lucene.PropertiesSynonymProvider"/>
              <property name="synonymprovider-config-path" value="/synonyms.properties"/>
              <property name="support-highlighting" value="true"/>
              <property name="indexing-configuration-path" value="/indexing-configuration.xml"/>
              <property name="query-class" value="org.exoplatform.services.jcr.impl.core.query.QueryImpl"/>
              <property name="spellchecker-class" value="org.exoplatform.services.jcr.impl.core.query.lucene.spell.LuceneSpellChecker$FiveSecondsRefreshInterval"/>
            </properties>
          </query-handler>
          <lock-manager>
            <time-out>15m</time-out>
            <persister class="org.exoplatform.services.jcr.impl.core.lock.FileSystemLockPersister">
              <properties>
                <property name="path" value="target/temp/lock/ws"/>
              </properties>
            </persister>
          </lock-manager>
        </workspace>
        
        <workspace name="ws1">
          <container class="org.exoplatform.services.jcr.aws.storage.sdb.SDBWorkspaceDataContainer">
            <properties>
              <property name="max-buffer-size" value="200k"/>
              <property name="swap-directory" value="target/temp/swap/ws1"/>
              <property name="aws-access-key" value="z"/>
              <property name="aws-secret-access-key" value="z"/>
              <property name="domain-name" value="jcr-test-ws1"/>
            </properties>
          </container>
          <initializer class="org.exoplatform.services.jcr.impl.core.ScratchWorkspaceInitializer">
            <properties>
              <property name="root-nodetype" value="nt:unstructured"/>
            </properties>
          </initializer>
          <cache enabled="true">
            <properties>
              <property name="max-size" value="10k"/>
              <property name="live-time" value="30m"/>
            </properties>
          </cache>
          <query-handler class="org.exoplatform.services.jcr.impl.core.query.lucene.SearchIndex">
            <properties>
              <property name="index-dir" value="target/temp/index/db1/ws1"/>
              <property name="synonymprovider-class" value="org.exoplatform.services.jcr.impl.core.query.lucene.PropertiesSynonymProvider"/>
              <property name="synonymprovider-config-path" value="/synonyms.properties"/>
              <property name="support-highlighting" value="true"/>
              <property name="indexing-configuration-path" value="/indexing-configuration.xml"/>
              <property name="query-class" value="org.exoplatform.services.jcr.impl.core.query.QueryImpl"/>
              <property name="spellchecker-class" value="org.exoplatform.services.jcr.impl.core.query.lucene.spell.LuceneSpellChecker$FiveSecondsRefreshInterval"/>
            </properties>
          </query-handler>
          <lock-manager>
            <time-out>15m</time-out>
            <persister class="org.exoplatform.services.jcr.impl.core.lock.FileSystemLockPersister">
              <properties>
                <property name="path" value="target/temp/lock/ws1"/>
              </properties>
            </persister>
          </lock-manager>
        </workspace>
        
        <workspace name="ws2">
          <container class="org.exoplatform.services.jcr.aws.storage.sdb.SDBWorkspaceDataContainer">
            <properties>
              <property name="max-buffer-size" value="200k"/>
              <property name="swap-directory" value="target/temp/swap/ws2"/>
              <property name="aws-access-key" value="z"/>
              <property name="aws-secret-access-key" value="z"/>
              <property name="domain-name" value="jcr-test-ws2"/>
            </properties>
          </container>
          <initializer class="org.exoplatform.services.jcr.impl.core.ScratchWorkspaceInitializer">
            <properties>
              <property name="root-nodetype" value="nt:unstructured"/>
            </properties>
          </initializer>
          <cache enabled="true">
            <properties>
              <property name="max-size" value="10k"/>
              <property name="live-time" value="30m"/>
            </properties>
          </cache>
          <query-handler class="org.exoplatform.services.jcr.impl.core.query.lucene.SearchIndex">
            <properties>
              <property name="index-dir" value="target/temp/index/db1/ws2"/>
              <property name="synonymprovider-class" value="org.exoplatform.services.jcr.impl.core.query.lucene.PropertiesSynonymProvider"/>
              <property name="synonymprovider-config-path" value="/synonyms.properties"/>
              <property name="support-highlighting" value="true"/>
              <property name="indexing-configuration-path" value="/indexing-configuration.xml"/>
              <property name="query-class" value="org.exoplatform.services.jcr.impl.core.query.QueryImpl"/>
              <property name="spellchecker-class" value="org.exoplatform.services.jcr.impl.core.query.lucene.spell.LuceneSpellChecker$FiveSecondsRefreshInterval"/>
            </properties>
          </query-handler>
          <lock-manager>
            <time-out>15m</time-out>
            <persister class="org.exoplatform.services.jcr.impl.core.lock.FileSystemLockPersister">
              <properties>
                <property name="path" value="target/temp/lock/ws2"/>
              </properties>
            </persister>
          </lock-manager>
        </workspace>
      </workspaces>
    </repository>
  </repositories>
</repository-service>
