<!-- for persistent mode -->

<repository-service default-repository="db1">
  <repositories>

    <repository name="db1" system-workspace="ws" default-workspace="ws">
      <security-domain>exo-domain</security-domain>
      <access-control>optional</access-control>
      
      <!-- config replication for IPv6 -->
      <!-- replication
        enabled="true"
        mode="persistent"
        bind-ip-address="fe80::215:f2ff:febe:3343%4"
        test-mode="true"
        channel-config="TCP(oob_thread_pool.queue_max_size=100;thread_naming_pattern=cl;use_concurrent_stack=true;oob_thread_pool.rejection_policy=Run;discard_incompatible_packets=true;thread_pool.max_threads=40;oob_thread_pool.enabled=true;oob_thread_pool.max_threads=20;loopback=false;oob_thread_pool.keep_alive_time=5000;thread_pool.queue_enabled=false;oob_thread_pool.queue_enabled=false;max_bundle_size=64000;thread_pool.queue_max_size=100;thread_pool.enabled=true;enable_diagnostics=true;max_bundle_timeout=30;oob_thread_pool.min_threads=8;use_incoming_packet_handler=true;thread_pool.rejection_policy=Run;bind_addr=/LocalAddress/;thread_pool.min_threads=8;thread_pool.keep_alive_time=5000;enable_bundling=true):MPING(timeout=2000;num_initial_members=3;mcast_port=34526;mcast_addr=ff18:eb72:479f::2:3):FD_SOCK:VERIFY_SUSPECT(timeout=1500):pbcast.NAKACK(max_xmit_size=60000;print_stability_history_on_failed_xmit=true;use_mcast_xmit=false;gc_lag=0;discard_delivered_msgs=true;retransmit_timeout=300,600,1200,2400,4800):pbcast.STABLE(stability_delay=1000;desired_avg_gossip=50000;max_bytes=8000000):pbcast.GMS(print_local_addr=true;join_timeout=3000;view_bundling=true;join_retry_timeout=2000;shun=false):FC(max_credits=4000000;min_threshold=0.2;max_block_time=10000)">								
      </replication -->
      
      <!-- config replication for IPv4 -->
      <replication
        enabled="true"
        mode="persistent"
        bind-ip-address="192.168.0.15"
        test-mode="true"
        channel-config="TCP(oob_thread_pool.queue_max_size=100;thread_naming_pattern=cl;use_concurrent_stack=true;oob_thread_pool.rejection_policy=Run;discard_incompatible_packets=true;thread_pool.max_threads=40;oob_thread_pool.enabled=true;oob_thread_pool.max_threads=20;loopback=false;oob_thread_pool.keep_alive_time=5000;thread_pool.queue_enabled=false;oob_thread_pool.queue_enabled=false;max_bundle_size=64000;thread_pool.queue_max_size=100;thread_pool.enabled=true;enable_diagnostics=true;max_bundle_timeout=30;oob_thread_pool.min_threads=8;use_incoming_packet_handler=true;thread_pool.rejection_policy=Run;bind_addr=/LocalAddress/;thread_pool.min_threads=8;thread_pool.keep_alive_time=5000;enable_bundling=true):MPING(timeout=2000;num_initial_members=3;mcast_port=34526;mcast_addr=229.1.2.3):FD_SOCK:VERIFY_SUSPECT(timeout=1500):pbcast.NAKACK(max_xmit_size=60000;print_stability_history_on_failed_xmit=true;use_mcast_xmit=false;gc_lag=0;discard_delivered_msgs=true;retransmit_timeout=300,600,1200,2400,4800):pbcast.STABLE(stability_delay=1000;desired_avg_gossip=50000;max_bytes=8000000):pbcast.GMS(print_local_addr=true;join_timeout=3000;view_bundling=true;join_retry_timeout=2000;shun=false):FC(max_credits=4000000;min_threshold=0.2;max_block_time=10000)">								
      </replication>
      
      <authentication-policy>org.exoplatform.services.jcr.impl.core.access.PortalAuthenticationPolicy</authentication-policy>
      <workspaces>
        <workspace name="ws" auto-init-root-nodetype="nt:unstructured" auto-init-permissions="any read;*:/admin read;*:/admin add_node;*:/admin set_property;*:/admin remove">
          <container class="org.exoplatform.services.jcr.impl.storage.jdbc.JDBCWorkspaceDataContainer">
            <properties>
              <property name="sourceName" value="jdbcjcr2"/>
              <property name="dialect" value="generic"/>
              <property name="multi-db" value="true"/>
              <property name="update-storage" value="true"/>
              <property name="max-buffer-size" value="204800"/>
              <property name="swap-directory" value="target/temp1/swap/ws"/>
            </properties>
            <value-storages>
              <value-storage id="Storage #1" class="org.exoplatform.services.jcr.impl.storage.value.fs.TreeFileValueStorage">
                <properties>
                  <property name="path" value="target/temp1/values/ws"/>
                </properties>
                <filters>
                  <filter property-type="Binary" min-value-size="100000"/>
                </filters>
              </value-storage>
            </value-storages>
          </container>
          <cache enabled="true">
            <properties>
              <property name="maxSize" value="1000"/>
              <property name="liveTime" value="1800"/>
            </properties>
          </cache>
          <query-handler class="org.exoplatform.services.jcr.impl.core.query.lucene.SearchIndex">
            <properties>
              <property name="indexDir" value="target/temp1/index"/>
            </properties>
          </query-handler>
        </workspace>
      </workspaces>
    </repository>
   
    <repository name="db2" system-workspace="ws" default-workspace="ws">
      <security-domain>exo-domain</security-domain>
      <access-control>optional</access-control>
      
      <!-- config replication for IPv6 -->
      <!-- replication
        enabled="true"
        mode="persistent"
        bind-ip-address="fe80::215:f2ff:febe:3343%4"
        test-mode="true"
        channel-config="TCP(oob_thread_pool.queue_max_size=100;thread_naming_pattern=cl;use_concurrent_stack=true;oob_thread_pool.rejection_policy=Run;discard_incompatible_packets=true;thread_pool.max_threads=40;oob_thread_pool.enabled=true;oob_thread_pool.max_threads=20;loopback=false;oob_thread_pool.keep_alive_time=5000;thread_pool.queue_enabled=false;oob_thread_pool.queue_enabled=false;max_bundle_size=64000;thread_pool.queue_max_size=100;thread_pool.enabled=true;enable_diagnostics=true;max_bundle_timeout=30;oob_thread_pool.min_threads=8;use_incoming_packet_handler=true;thread_pool.rejection_policy=Run;bind_addr=/LocalAddress/;thread_pool.min_threads=8;thread_pool.keep_alive_time=5000;enable_bundling=true):MPING(timeout=2000;num_initial_members=3;mcast_port=34526;mcast_addr=ff18:eb72:479f::2:3):FD_SOCK:VERIFY_SUSPECT(timeout=1500):pbcast.NAKACK(max_xmit_size=60000;print_stability_history_on_failed_xmit=true;use_mcast_xmit=false;gc_lag=0;discard_delivered_msgs=true;retransmit_timeout=300,600,1200,2400,4800):pbcast.STABLE(stability_delay=1000;desired_avg_gossip=50000;max_bytes=8000000):pbcast.GMS(print_local_addr=true;join_timeout=3000;view_bundling=true;join_retry_timeout=2000;shun=false):FC(max_credits=4000000;min_threshold=0.2;max_block_time=10000)">								
      </replication -->
      
      <!-- config replication for IPv4 -->
      <replication
        enabled="true"
        mode="persistent"
        bind-ip-address="192.168.0.15"
        test-mode="true"
        channel-config="TCP(oob_thread_pool.queue_max_size=100;thread_naming_pattern=cl;use_concurrent_stack=true;oob_thread_pool.rejection_policy=Run;discard_incompatible_packets=true;thread_pool.max_threads=40;oob_thread_pool.enabled=true;oob_thread_pool.max_threads=20;loopback=false;oob_thread_pool.keep_alive_time=5000;thread_pool.queue_enabled=false;oob_thread_pool.queue_enabled=false;max_bundle_size=64000;thread_pool.queue_max_size=100;thread_pool.enabled=true;enable_diagnostics=true;max_bundle_timeout=30;oob_thread_pool.min_threads=8;use_incoming_packet_handler=true;thread_pool.rejection_policy=Run;bind_addr=/LocalAddress/;thread_pool.min_threads=8;thread_pool.keep_alive_time=5000;enable_bundling=true):MPING(timeout=2000;num_initial_members=3;mcast_port=34526;mcast_addr=229.1.2.3):FD_SOCK:VERIFY_SUSPECT(timeout=1500):pbcast.NAKACK(max_xmit_size=60000;print_stability_history_on_failed_xmit=true;use_mcast_xmit=false;gc_lag=0;discard_delivered_msgs=true;retransmit_timeout=300,600,1200,2400,4800):pbcast.STABLE(stability_delay=1000;desired_avg_gossip=50000;max_bytes=8000000):pbcast.GMS(print_local_addr=true;join_timeout=3000;view_bundling=true;join_retry_timeout=2000;shun=false):FC(max_credits=4000000;min_threshold=0.2;max_block_time=10000)">								
      </replication>
      
      <authentication-policy>org.exoplatform.services.jcr.impl.core.access.PortalAuthenticationPolicy</authentication-policy>
      <workspaces>
        <workspace name="ws" auto-init-root-nodetype="nt:unstructured" auto-init-permissions="any read;*:/admin read;*:/admin add_node;*:/admin set_property;*:/admin remove">
          <container class="org.exoplatform.services.jcr.impl.storage.jdbc.JDBCWorkspaceDataContainer">
            <properties>
              <property name="sourceName" value="jdbcjcr1"/>
              <property name="dialect" value="generic"/>
              <property name="multi-db" value="true"/>
              <property name="update-storage" value="true"/>
              <property name="max-buffer-size" value="204800"/>
              <property name="swap-directory" value="target/temp2/swap/ws"/>
            </properties>
            <value-storages>
              <value-storage id="Storage #1" class="org.exoplatform.services.jcr.impl.storage.value.fs.TreeFileValueStorage">
                <properties>
                  <property name="path" value="target/temp2/values/ws"/>
                </properties>
                <filters>
                  <filter property-type="Binary"  min-value-size="100000"/>
                </filters>
              </value-storage>
            </value-storages>
          </container>
          <cache enabled="true">
            <properties>
              <property name="maxSize" value="1000"/>
              <property name="liveTime" value="1800"/>
            </properties>
          </cache>
          <query-handler class="org.exoplatform.services.jcr.impl.core.query.lucene.SearchIndex">
            <properties>
              <property name="indexDir" value="target/temp2/index"/>
            </properties>
          </query-handler>
        </workspace>
      </workspaces>
    </repository>
    
  </repositories>
</repository-service>

<!-- for proxy mode -->

<!-- repository-service default-repository="db1">
  <repositories>

    <repository name="db1" system-workspace="ws" default-workspace="ws">
      <security-domain>exo-domain</security-domain>
      <access-control>optional</access-control>

      <replication
        enabled="true"
        mode="proxy"
        bind-ip-address="192.168.0.20"
        test-mode="true"
        channel-config="TCP(oob_thread_pool.queue_max_size=100;thread_naming_pattern=cl;use_concurrent_stack=true;oob_thread_pool.rejection_policy=Run;discard_incompatible_packets=true;thread_pool.max_threads=40;oob_thread_pool.enabled=true;oob_thread_pool.max_threads=20;loopback=false;oob_thread_pool.keep_alive_time=5000;thread_pool.queue_enabled=false;oob_thread_pool.queue_enabled=false;max_bundle_size=64000;thread_pool.queue_max_size=100;thread_pool.enabled=true;enable_diagnostics=true;max_bundle_timeout=30;oob_thread_pool.min_threads=8;use_incoming_packet_handler=true;thread_pool.rejection_policy=Run;bind_addr=/LocalAddress/;thread_pool.min_threads=8;thread_pool.keep_alive_time=5000;enable_bundling=true):MPING(timeout=2000;num_initial_members=3;mcast_port=34526;mcast_addr=229.1.2.3):FD_SOCK:VERIFY_SUSPECT(timeout=1500):pbcast.NAKACK(max_xmit_size=60000;print_stability_history_on_failed_xmit=true;use_mcast_xmit=false;gc_lag=0;discard_delivered_msgs=true;retransmit_timeout=300,600,1200,2400,4800):pbcast.STABLE(stability_delay=1000;desired_avg_gossip=50000;max_bytes=8000000):pbcast.GMS(print_local_addr=true;join_timeout=3000;view_bundling=true;join_retry_timeout=2000;shun=false):FC(max_credits=4000000;min_threshold=0.2;max_block_time=10000)">
      </replication>

      <authentication-policy>org.exoplatform.services.jcr.impl.core.access.PortalAuthenticationPolicy</authentication-policy>
      <workspaces>
        <workspace name="ws" auto-init-root-nodetype="nt:unstructured" auto-init-permissions="any read;*:/admin read;*:/admin add_node;*:/admin set_property;*:/admin remove">
          <container class="org.exoplatform.services.jcr.impl.storage.jdbc.JDBCWorkspaceDataContainer">
            <properties>
              <property name="sourceName" value="jdbcjcr1"/>
              <property name="dialect" value="generic"/>
              <property name="multi-db" value="true"/>
              <property name="update-storage" value="true"/>
              <property name="max-buffer-size" value="204800"/>
              <property name="swap-directory" value="target/temp1/swap/ws"/>
            </properties>
            <value-storages>
              <value-storage id="Storage #1" class="org.exoplatform.services.jcr.impl.storage.value.fs.TreeFileValueStorage">
                <properties>
                  <property name="path" value="target/temp1/values/ws"/>
                </properties>
                <filters>
                  <filter property-type="Binary" min-value-size="100000"/>
                </filters>
              </value-storage>
            </value-storages>
          </container>
          <cache enabled="true">
            <properties>
              <property name="maxSize" value="1000"/>
              <property name="liveTime" value="1800"/>
            </properties>
          </cache>
          <query-handler class="org.exoplatform.services.jcr.impl.core.query.lucene.SearchIndex">
            <properties>
              <property name="indexDir" value="target/temp1/index"/>
            </properties>
          </query-handler>
        </workspace>
      </workspaces>
    </repository>

    <repository name="db2" system-workspace="ws" default-workspace="ws">
      <security-domain>exo-domain</security-domain>
      <access-control>optional</access-control>

      <replication
        enabled="true"
        mode="proxy"
        bind-ip-address="192.168.0.20"
        test-mode="true"
        channel-config="TCP(oob_thread_pool.queue_max_size=100;thread_naming_pattern=cl;use_concurrent_stack=true;oob_thread_pool.rejection_policy=Run;discard_incompatible_packets=true;thread_pool.max_threads=40;oob_thread_pool.enabled=true;oob_thread_pool.max_threads=20;loopback=false;oob_thread_pool.keep_alive_time=5000;thread_pool.queue_enabled=false;oob_thread_pool.queue_enabled=false;max_bundle_size=64000;thread_pool.queue_max_size=100;thread_pool.enabled=true;enable_diagnostics=true;max_bundle_timeout=30;oob_thread_pool.min_threads=8;use_incoming_packet_handler=true;thread_pool.rejection_policy=Run;bind_addr=/LocalAddress/;thread_pool.min_threads=8;thread_pool.keep_alive_time=5000;enable_bundling=true):MPING(timeout=2000;num_initial_members=3;mcast_port=34526;mcast_addr=229.1.2.3):FD_SOCK:VERIFY_SUSPECT(timeout=1500):pbcast.NAKACK(max_xmit_size=60000;print_stability_history_on_failed_xmit=true;use_mcast_xmit=false;gc_lag=0;discard_delivered_msgs=true;retransmit_timeout=300,600,1200,2400,4800):pbcast.STABLE(stability_delay=1000;desired_avg_gossip=50000;max_bytes=8000000):pbcast.GMS(print_local_addr=true;join_timeout=3000;view_bundling=true;join_retry_timeout=2000;shun=false):FC(max_credits=4000000;min_threshold=0.2;max_block_time=10000)">
      </replication>

      <authentication-policy>org.exoplatform.services.jcr.impl.core.access.PortalAuthenticationPolicy</authentication-policy>
      <workspaces>
        <workspace name="ws" auto-init-root-nodetype="nt:unstructured" auto-init-permissions="any read;*:/admin read;*:/admin add_node;*:/admin set_property;*:/admin remove">
          <container class="org.exoplatform.services.jcr.impl.storage.jdbc.JDBCWorkspaceDataContainer">
            <properties>
              <property name="sourceName" value="jdbcjcr1"/>
              <property name="dialect" value="generic"/>
              <property name="multi-db" value="true"/>
              <property name="update-storage" value="true"/>
              <property name="max-buffer-size" value="204800"/>
              <property name="swap-directory" value="target/temp1/swap/ws"/>
            </properties>
            <value-storages>
              <value-storage id="Storage #1" class="org.exoplatform.services.jcr.impl.storage.value.fs.TreeFileValueStorage">
                <properties>
                  <property name="path" value="target/temp1/values/ws"/>
                </properties>
                <filters>
                  <filter property-type="Binary"  min-value-size="100000"/>
                </filters>
              </value-storage>
            </value-storages>
          </container>
          <cache enabled="true">
            <properties>
              <property name="maxSize" value="1000"/>
              <property name="liveTime" value="1800"/>
            </properties>
          </cache>
          <query-handler class="org.exoplatform.services.jcr.impl.core.query.lucene.SearchIndex">
            <properties>
              <property name="indexDir" value="target/temp2/index"/>
            </properties>
          </query-handler>
        </workspace>
      </workspaces>
    </repository>

  </repositories>
</repository-service -->
