<repository-service default-repository="db1">
  <repositories>
    <repository name="db1" system-workspace="ws" default-workspace="ws">
      <security-domain>exo-domain</security-domain>
      <!-- access-control>optional</access-control -->
      <!-- access-control>disable</access-control -->
      <session-max-age>1h</session-max-age>
      <authentication-policy>org.exoplatform.services.jcr.impl.core.access.JAASAuthenticator</authentication-policy>
      <workspaces>
        <workspace name="ws">
          <container class="org.exoplatform.services.jcr.impl.storage.jdbc.JDBCWorkspaceDataContainer">
            <properties>
              <property name="source-name" value="jdbcjcr" />
              <property name="dialect" value="hsqldb" />
              <property name="multi-db" value="false" />
              <property name="update-storage" value="false" />
              <property name="max-buffer-size" value="200k" />
              <property name="swap-directory" value="target/temp/swap/ws" />
            </properties>
            <value-storages>
              <value-storage id="ws" class="org.exoplatform.services.jcr.impl.storage.value.fs.TreeFileValueStorage">
                <properties>
                  <property name="path" value="target/temp/values/ws" />
                </properties>
                <filters>
                  <filter property-type="Binary" />
                </filters>
              </value-storage>
            </value-storages>
          </container>
          <initializer class="org.exoplatform.services.jcr.impl.core.ScratchWorkspaceInitializer">
            <properties>
              <property name="root-nodetype" value="nt:unstructured"/>
            </properties>
          </initializer>
          <cache enabled="true" class="org.exoplatform.services.jcr.impl.dataflow.persistent.LinkedWorkspaceStorageCacheImpl">
            <properties>
              <property name="max-size" value="2k" />
              <property name="live-time" value="20m" />
            </properties>
          </cache>
          <query-handler class="org.exoplatform.services.jcr.impl.core.query.lucene.SearchIndex">
            <properties>
              <property name="index-dir" value="target/temp/index/db1/ws" />
              <property name="synonymprovider-class" value="org.exoplatform.services.jcr.impl.core.query.lucene.PropertiesSynonymProvider" />
              <property name="synonymprovider-config-path" value="../../synonyms.properties" />
              <property name="support-highlighting" value="true" />
              <property name="indexing-configuration-path" value="../../indexing-configuration.xml" />
              <property name="query-class" value="org.exoplatform.services.jcr.impl.core.query.QueryImpl" />
              <property name="spellchecker-class" value="org.exoplatform.services.jcr.impl.core.query.lucene.spell.LuceneSpellChecker$FiveSecondsRefreshInterval"/>
            </properties>
          </query-handler>
          <lock-manager>
            <time-out>15m</time-out>
            <persister class="org.exoplatform.services.jcr.impl.core.lock.FileSystemLockPersister">
              <properties>
                <property name="path" value="target/temp/lock" />
              </properties>
            </persister>
          </lock-manager>
        </workspace>
				
        <workspace name="ws1">
          <container class="org.exoplatform.services.jcr.impl.storage.jdbc.JDBCWorkspaceDataContainer">
            <properties>
              <property name="source-name" value="jdbcjcr" />
              <property name="dialect" value="hsqldb" />
              <property name="multi-db" value="false" />
              <property name="update-storage" value="false" />
              <property name="max-buffer-size" value="200k" />
              <property name="swap-directory" value="target/temp/swap/ws1" />
            </properties>
            <value-storages>
              <value-storage id="ws1" class="org.exoplatform.services.jcr.impl.storage.value.fs.TreeFileValueStorage">
                <properties>
                  <property name="path" value="target/temp/values/ws1" />
                </properties>
                <filters>
                  <filter property-type="Binary" />
                </filters>
              </value-storage>
            </value-storages>
          </container>
          <initializer class="org.exoplatform.services.jcr.impl.core.ScratchWorkspaceInitializer">
            <properties>
              <property name="root-nodetype" value="nt:unstructured"/>
            </properties>
          </initializer>
          <cache enabled="true" class="org.exoplatform.services.jcr.impl.dataflow.persistent.LinkedWorkspaceStorageCacheImpl">
            <properties>
              <property name="max-size" value="2k" />
              <property name="live-time" value="20m" />
            </properties>
          </cache>
          <query-handler class="org.exoplatform.services.jcr.impl.core.query.lucene.SearchIndex">
            <properties>
              <property name="index-dir" value="target/temp/index/db1/ws1" />
              <property name="synonymprovider-class" value="org.exoplatform.services.jcr.impl.core.query.lucene.PropertiesSynonymProvider" />
              <property name="synonymprovider-config-path" value="../../synonyms.properties" />
              <property name="support-highlighting" value="true" />
              <property name="indexing-configuration-path" value="../../indexing-configuration.xml" />
              <property name="query-class" value="org.exoplatform.services.jcr.impl.core.query.QueryImpl" />
              <property name="spellchecker-class" value="org.exoplatform.services.jcr.impl.core.query.lucene.spell.LuceneSpellChecker$FiveSecondsRefreshInterval"/>
            </properties>
          </query-handler>
        </workspace>
				
        <workspace name="ws2">
          <container class="org.exoplatform.services.jcr.impl.storage.jdbc.JDBCWorkspaceDataContainer">
            <properties>
              <property name="source-name" value="jdbcjcr" />
              <property name="dialect" value="hsqldb" />
              <property name="multi-db" value="false" />
              <property name="update-storage" value="false" />
              <property name="max-buffer-size" value="200k" />
              <property name="swap-directory" value="target/temp/swap/ws2" />
            </properties>
            <value-storages>
              <value-storage id="ws2" class="org.exoplatform.services.jcr.impl.storage.value.fs.TreeFileValueStorage">
                <properties>
                  <property name="path" value="target/temp/values/ws2" />
                </properties>
                <filters>
                  <filter property-type="Binary" />
                </filters>
              </value-storage>
            </value-storages>
          </container>
          <initializer class="org.exoplatform.services.jcr.impl.core.ScratchWorkspaceInitializer">
            <properties>
              <property name="root-nodetype" value="nt:unstructured"/>
            </properties>
          </initializer>
          <cache enabled="true" class="org.exoplatform.services.jcr.impl.dataflow.persistent.LinkedWorkspaceStorageCacheImpl">
            <properties>
              <property name="max-size" value="2k" />
              <property name="live-time" value="20m" />
            </properties>
          </cache>
          <query-handler class="org.exoplatform.services.jcr.impl.core.query.lucene.SearchIndex">
            <properties>
              <property name="index-dir" value="target/temp/index/db1/ws2" />
              <property name="synonymprovider-class" value="org.exoplatform.services.jcr.impl.core.query.lucene.PropertiesSynonymProvider" />
              <property name="synonymprovider-config-path" value="../../synonyms.properties" />
              <property name="support-highlighting" value="true" />
              <property name="indexing-configuration-path" value="../../indexing-configuration.xml" />
              <property name="query-class" value="org.exoplatform.services.jcr.impl.core.query.QueryImpl" />
              <property name="spellchecker-class" value="org.exoplatform.services.jcr.impl.core.query.lucene.spell.LuceneSpellChecker$FiveSecondsRefreshInterval"/>
            </properties>
          </query-handler>
        </workspace>
        
        <workspace name="ws3">
          <!-- for system storage -->
          <container class="org.exoplatform.services.jcr.impl.storage.jdbc.JDBCWorkspaceDataContainer">
            <properties>
              <property name="source-name" value="jdbcjcr" />
              <property name="dialect" value="hsqldb" />
              <property name="multi-db" value="true" />
              <property name="update-storage" value="false" />
              <property name="max-buffer-size" value="200k" />
              <property name="swap-directory" value="target/temp/swap/ws3" />
            </properties>
            <value-storages>
              <!-- This storage is used to check whether properties are removed correctly from each value-storage (TestRemoveFromValueStorage.java) -->
              <value-storage id="ws_big" class="org.exoplatform.services.jcr.impl.storage.value.fs.TreeFileValueStorage">
                <properties>
                  <property name="path" value="target/temp/values/ws3_big" />
                </properties>
                <filters>
                  <filter property-type="Binary"  min-value-size="1024K"/>
                </filters>
              </value-storage>
              <value-storage id="ws" class="org.exoplatform.services.jcr.impl.storage.value.fs.CASableTreeFileValueStorage">
                <properties>
                  <property name="path" value="target/temp/values/ws3" />
									<property name="digest-algo" value="MD5" />
									<property name="vcas-type" value="org.exoplatform.services.jcr.impl.storage.value.cas.JDBCValueContentAddressStorageImpl" />
									<property name="jdbc-source-name" value="jdbcjcr" />
									<property name="jdbc-dialect" value="hsqldb" />
                </properties>
                <filters>
                  <filter property-type="Binary"/>
                </filters>
              </value-storage>
            </value-storages>
          </container>
          <initializer class="org.exoplatform.services.jcr.impl.core.ScratchWorkspaceInitializer">
            <properties>
              <property name="root-nodetype" value="nt:unstructured"/>
            </properties>
          </initializer>
          <!-- initializer class="org.exoplatform.services.jcr.impl.core.RestoreWorkspaceInitializer">
            <properties>
              <property name="restore-path" value="./sv_export_root.xml"/>
              <property name="restore-path" value="./src/test/resources/import-export/restore_db1_ws1.xml"/>
            </properties>
          </initializer -->
          <cache enabled="true" class="org.exoplatform.services.jcr.impl.dataflow.persistent.LinkedWorkspaceStorageCacheImpl">
            <properties>
              <property name="max-size" value="2k" />
              <property name="live-time" value="20m" />
							<!-- property name="statistic-period" value="30" />
              <property name="statistic-log" value="true" / -->
            </properties>
          </cache>
          <query-handler class="org.exoplatform.services.jcr.impl.core.query.lucene.SearchIndex">
            <properties>
              <property name="index-dir" value="target/temp/index/db1/ws3" />
              <property name="synonymprovider-class" value="org.exoplatform.services.jcr.impl.core.query.lucene.PropertiesSynonymProvider" />
              <property name="synonymprovider-config-path" value="../../synonyms.properties" />
              <property name="support-highlighting" value="true" />
              <property name="indexing-configuration-path" value="../../indexing-configuration.xml" />
              <property name="query-class" value="org.exoplatform.services.jcr.impl.core.query.QueryImpl" />
              <property name="spellchecker-class" value="org.exoplatform.services.jcr.impl.core.query.lucene.spell.LuceneSpellChecker$FiveSecondsRefreshInterval"/>
            </properties>
          </query-handler>
          <lock-manager>
            <time-out>15m</time-out>
            <persister class="org.exoplatform.services.jcr.impl.core.lock.FileSystemLockPersister">
              <properties>
                <property name="path" value="target/temp/lock" />
              </properties>
            </persister>
          </lock-manager>
        </workspace>
      </workspaces>
    </repository>
    
    <repository name="db1tck" system-workspace="ws" default-workspace="ws">
      <security-domain>exo-domain</security-domain>
      <!-- access-control>optional</access-control -->
      <!-- access-control>disable</access-control -->
      <session-max-age>1h</session-max-age>
      <authentication-policy>org.exoplatform.services.jcr.impl.core.access.JAASAuthenticator</authentication-policy>
      <workspaces>
        <workspace name="ws">
          <container class="org.exoplatform.services.jcr.impl.storage.jdbc.JDBCWorkspaceDataContainer">
            <properties>
              <property name="source-name" value="jdbcjcrtck" />
              <property name="dialect" value="hsqldb" />
              <property name="multi-db" value="false" />
              <property name="update-storage" value="false" />
              <property name="max-buffer-size" value="200k" />
              <property name="swap-directory" value="target/temp/swap/wstck" />
            </properties>
            <value-storages>
              <value-storage id="ws" class="org.exoplatform.services.jcr.impl.storage.value.fs.TreeFileValueStorage">
                <properties>
                  <property name="path" value="target/temp/values/wstck" />
                </properties>
                <filters>
                  <filter property-type="Binary" />
                </filters>
              </value-storage>
            </value-storages>
          </container>
          <initializer class="org.exoplatform.services.jcr.impl.core.ScratchWorkspaceInitializer">
            <properties>
              <property name="root-nodetype" value="nt:unstructured"/>
              <property name="root-permissions" value="any read;*:/admin read;*:/admin add_node;*:/admin set_property;*:/admin remove"/>
            </properties>
          </initializer>
          <cache enabled="true" class="org.exoplatform.services.jcr.impl.dataflow.persistent.LinkedWorkspaceStorageCacheImpl">
            <properties>
              <property name="max-size" value="2k" />
              <property name="live-time" value="20m" />
            </properties>
          </cache>
          <query-handler class="org.exoplatform.services.jcr.impl.core.query.lucene.SearchIndex">
            <properties>
              <property name="index-dir" value="target/temp/index/db1tck/ws" />
              <property name="synonymprovider-class" value="org.exoplatform.services.jcr.impl.core.query.lucene.PropertiesSynonymProvider" />
              <property name="synonymprovider-config-path" value="../../synonyms.properties" />
              <property name="support-highlighting" value="true" />
              <property name="indexing-configuration-path" value="../../indexing-configuration.xml" />
              <property name="query-class" value="org.exoplatform.services.jcr.impl.core.query.QueryImpl" />
              <property name="spellchecker-class" value="org.exoplatform.services.jcr.impl.core.query.lucene.spell.LuceneSpellChecker$FiveSecondsRefreshInterval"/>
            </properties>
          </query-handler>
          <lock-manager>
            <time-out>15m</time-out>
            <persister class="org.exoplatform.services.jcr.impl.core.lock.FileSystemLockPersister">
              <properties>
                <property name="path" value="target/temp/lock" />
              </properties>
            </persister>
          </lock-manager>
        </workspace>
				
        <workspace name="ws1">
          <container class="org.exoplatform.services.jcr.impl.storage.jdbc.JDBCWorkspaceDataContainer">
            <properties>
              <property name="source-name" value="jdbcjcrtck" />
              <property name="dialect" value="hsqldb" />
              <property name="multi-db" value="false" />
              <property name="update-storage" value="false" />
              <property name="max-buffer-size" value="200k" />
              <property name="swap-directory" value="target/temp/swap/ws1tck" />
            </properties>
            <value-storages>
              <value-storage id="ws1" class="org.exoplatform.services.jcr.impl.storage.value.fs.TreeFileValueStorage">
                <properties>
                  <property name="path" value="target/temp/values/ws1tck" />
                </properties>
                <filters>
                  <filter property-type="Binary" />
                </filters>
              </value-storage>
            </value-storages>
          </container>
          <initializer class="org.exoplatform.services.jcr.impl.core.ScratchWorkspaceInitializer">
            <properties>
              <property name="root-nodetype" value="nt:unstructured"/>
              <property name="root-permissions" value="any read;*:/admin read;*:/admin add_node;*:/admin set_property;*:/admin remove"/>
            </properties>
          </initializer>
          <cache enabled="true" class="org.exoplatform.services.jcr.impl.dataflow.persistent.LinkedWorkspaceStorageCacheImpl">
            <properties>
              <property name="max-size" value="2k" />
              <property name="live-time" value="20m" />
            </properties>
          </cache>
          <query-handler class="org.exoplatform.services.jcr.impl.core.query.lucene.SearchIndex">
            <properties>
              <property name="index-dir" value="target/temp/index/db1tck/ws1" />
              <property name="synonymprovider-class" value="org.exoplatform.services.jcr.impl.core.query.lucene.PropertiesSynonymProvider" />
              <property name="synonymprovider-config-path" value="../../synonyms.properties" />
              <property name="support-highlighting" value="true" />
              <property name="indexing-configuration-path" value="../../indexing-configuration.xml" />
              <property name="query-class" value="org.exoplatform.services.jcr.impl.core.query.QueryImpl" />
              <property name="spellchecker-class" value="org.exoplatform.services.jcr.impl.core.query.lucene.spell.LuceneSpellChecker$FiveSecondsRefreshInterval"/>
            </properties>
          </query-handler>
        </workspace>
				
        <workspace name="ws2">
          <container class="org.exoplatform.services.jcr.impl.storage.jdbc.JDBCWorkspaceDataContainer">
            <properties>
              <property name="source-name" value="jdbcjcrtck" />
              <property name="dialect" value="hsqldb" />
              <property name="multi-db" value="false" />
              <property name="update-storage" value="false" />
              <property name="max-buffer-size" value="200k" />
              <property name="swap-directory" value="target/temp/swap/ws2tck" />
            </properties>
            <value-storages>
              <value-storage id="ws2"
                class="org.exoplatform.services.jcr.impl.storage.value.fs.TreeFileValueStorage">
                <properties>
                  <property name="path" value="target/temp/values/ws2tck" />
                </properties>
                <filters>
                  <filter property-type="Binary" />
                </filters>
              </value-storage>
            </value-storages>
          </container>
          <initializer class="org.exoplatform.services.jcr.impl.core.ScratchWorkspaceInitializer">
            <properties>
              <property name="root-nodetype" value="nt:unstructured"/>
              <property name="root-permissions" value="any read;*:/admin read;*:/admin add_node;*:/admin set_property;*:/admin remove"/>
            </properties>
          </initializer>
          <cache enabled="true" class="org.exoplatform.services.jcr.impl.dataflow.persistent.LinkedWorkspaceStorageCacheImpl">
            <properties>
              <property name="max-size" value="2k" />
              <property name="live-time" value="20m" />
            </properties>
          </cache>
          <query-handler class="org.exoplatform.services.jcr.impl.core.query.lucene.SearchIndex">
            <properties>
              <property name="index-dir" value="target/temp/index/db1/ws2tck" />
              <property name="synonymprovider-class" value="org.exoplatform.services.jcr.impl.core.query.lucene.PropertiesSynonymProvider" />
              <property name="synonymprovider-config-path" value="../../synonyms.properties" />
              <property name="support-highlighting" value="true" />
              <property name="indexing-configuration-path" value="../../indexing-configuration.xml" />
              <property name="query-class" value="org.exoplatform.services.jcr.impl.core.query.QueryImpl" />
              <property name="spellchecker-class" value="org.exoplatform.services.jcr.impl.core.query.lucene.spell.LuceneSpellChecker$FiveSecondsRefreshInterval"/>
            </properties>
          </query-handler>
        </workspace>
      </workspaces>
    </repository>    
  </repositories>
</repository-service>
