<repository-service default-repository="db1">
  <repositories>
    <repository name="db1" system-workspace="ws" default-workspace="ws">
      <security-domain>exo-domain</security-domain>
      <!-- access-control>optional</access-control -->
      <!-- access-control>disable</access-control -->
      <!--<replication
        enabled="true"
        mode="persistent"
        channel-config="TCP_NIO(use_send_queues=false;bind_addr=/LocalAddress/;enable_bundling=true;discard_incompatible_packets=true;max_bundle_size=64000;down_thread=false;use_outgoing_packet_handler=false;processor_queueSize=100;max_bundle_timeout=30;reader_threads=8;sock_conn_timeout=300;up_thread=false;loopback=false;skip_suspected_members=true;processor_minThreads=8;enable_diagnostics=false;processor_keepAliveTime=-1;writer_threads=8;processor_maxThreads=8;recv_buf_size=20000000;start_port=7800;use_incoming_packet_handler=true;send_buf_size=640000;processor_threads=8):MPING(bind_addr=/LocalAddress/;num_initial_members=4;up_thread=false;down_thread=false;mcast_addr=229.6.7.8;timeout=2000):FD_SOCK(up_thread=false;down_thread=false):pbcast.NAKACK(gc_lag=10;use_mcast_xmit=false;up_thread=false;retransmit_timeout=100,200,300,600,1200,2400,4800;down_thread=false;discard_delivered_msgs=true;max_xmit_size=600000):pbcast.STABLE(desired_avg_gossip=50000;max_bytes=400000;up_thread=false;down_thread=false;stability_delay=1000):VIEW_SYNC(avg_send_interval=60000;up_thread=false;down_thread=false):pbcast.GMS(print_local_addr=true;up_thread=false;join_timeout=3000;down_thread=false;join_retry_timeout=2000;shun=true):FC(max_block_time=1000;max_credits=2000000;up_thread=false;min_threshold=0.10;down_thread=false)">
      </replication>-->
      <session-max-age>3600000</session-max-age><!-- 60min -->
      <authentication-policy>org.exoplatform.services.jcr.impl.core.access.PortalAuthenticationPolicy</authentication-policy>
      <workspaces>
        <workspace name="ws" auto-init-root-nodetype="nt:unstructured">
          <!-- for system storage -->
          <container class="org.exoplatform.services.jcr.impl.storage.jdbc.JDBCWorkspaceDataContainer">
            <properties>
              <property name="sourceName" value="jdbcjcr"/>
              <property name="dialect" value="generic"/>
              <!-- example of direct jdbc connection usage (without JNDI), see docs for details -->
              <!-- property name="driverClassName" value="org.hsqldb.jdbcDriver"/>
              <property name="url" value="jdbc:hsqldb:file:target/temp/data/portal"/>
              <property name="username" value="sa"/>
              <property name="password" value=""/ -->
              <property name="multi-db" value="true"/>
              <property name="update-storage" value="true"/>
              <property name="max-buffer-size" value="204800"/>
              <property name="swap-directory" value="target/temp/swap/ws"/>
            </properties>
            <value-storages>
              <value-storage class="org.exoplatform.services.jcr.impl.storage.value.fs.TreeFileValueStorage">
                <properties>
                  <property name="path" value="target/temp/values/ws"/>
                </properties>
                <filters>
                  <filter property-type="Binary"/>
                </filters>
              </value-storage>
<!--14C2QKW74YST25Q33082-->
<!--oUeSTl+b/l5ARhrpTD7xp86XH+lg0T1ienRibDl7-->
              <!--value-storage class="org.exoplatform.services.jcr.impl.storage.value.s3.SimpleS3ValueStorage">
                <properties>
                  <property name="bucket" value="jcr"/>
                  <property name="aws_access_key" value="14C2QKW74YST25Q33082"/>
                  <property name="aws_secret_access_key" value="oUeSTl+b/l5ARhrpTD7xp86XH+lg0T1ienRibDl7"/>
                </properties>
                <filters>
                  <filter property-type="Binary"/>
                </filters>
              </value-storage-->
            </value-storages>
          </container>
          <cache enabled="true">
            <properties>
              <property name="maxSize" value="1000"/>
              <property name="liveTime" value="1800"/><!-- 30 min -->
            </properties>
          </cache>
          <query-handler class="org.exoplatform.services.jcr.impl.core.query.lucene.SearchIndex">
            <properties>
              <property name="indexDir" value="target/temp/index"/>
            </properties>
          </query-handler>
          <lock-manager>
           <time-out>900000</time-out><!-- 15min -->
            <persister class="org.exoplatform.services.jcr.impl.core.lock.FileSystemLockPersister">
              <properties>
                <property name="path" value="target/temp/lock"/>
              </properties>
            </persister>
          </lock-manager>
        </workspace>
        <workspace name="ws1" auto-init-root-nodetype="nt:unstructured">
          <container class="org.exoplatform.services.jcr.impl.storage.jdbc.JDBCWorkspaceDataContainer">
            <properties>
              <property name="sourceName" value="jdbcjcr1"/>
              <property name="dialect" value="generic"/>
              <property name="multi-db" value="true"/>
              <property name="update-storage" value="true"/>
              <property name="max-buffer-size" value="204800"/>
              <property name="swap-directory" value="target/temp/swap/ws1"/>
              <property name="db-type" value="generic"/>
            </properties>
            <value-storages>
              <!-- value-storage class="org.exoplatform.services.jcr.impl.storage.value.fs.TreeFileValueStorage">
                <properties>
                  <property name="path" value="target/temp/values/ws1"/>
                </properties>
                <filters>
                  <filter property-type="Binary"/>
                </filters>
              </value-storage-->
              <!-- value-storage class="org.exoplatform.services.jcr.impl.storage.value.s3.SimpleS3ValueStorage">
                <properties>
                  <property name="bucket" value="jcr2"/>
                  <property name="aws_access_key" value="INSERT YOUR AWS ACCESS KEY ID HERE"/>
                  <property name="aws_secret_access_key" value="INSERT YOUR AWS SECRET ACCESS KEY HERE"/>
                </properties>
                <filters>
                  <filter property-type="Binary"/>
                </filters>
              </value-storage-->
            </value-storages>
          </container>
          <cache enabled="true">
            <properties>
              <property name="maxSize" value="1000"/>
              <property name="liveTime" value="10000"/>
            </properties>
          </cache>
          <query-handler class="org.exoplatform.services.jcr.impl.core.query.lucene.SearchIndex">
            <properties>
              <property name="indexDir" value="target/temp/index"/>
            </properties>
          </query-handler>
        </workspace>
        <workspace name="ws2" auto-init-root-nodetype="nt:unstructured">
          <container class="org.exoplatform.services.jcr.impl.storage.jdbc.JDBCWorkspaceDataContainer">
            <properties>
              <property name="sourceName" value="jdbcjcr2"/>
              <property name="dialect" value="generic"/>
              <property name="multi-db" value="true"/>
              <property name="update-storage" value="true"/>
              <property name="max-buffer-size" value="204800"/>
              <property name="swap-directory" value="target/temp/swap/ws2"/>
              <property name="db-type" value="generic"/>
            </properties>
            <value-storages>
              <!-- value-storage class="org.exoplatform.services.jcr.impl.storage.value.fs.TreeFileValueStorage">
                <properties>
                  <property name="path" value="target/temp/values/ws2"/>
                </properties>
                <filters>
                  <filter property-type="Binary"/>
                </filters>
              </value-storage-->
              <!-- value-storage class="org.exoplatform.services.jcr.impl.storage.value.s3.SimpleS3ValueStorage">
                <properties>
                  <property name="bucket" value="jcr3"/>
                  <property name="aws_access_key" value="INSERT YOUR AWS ACCESS KEY ID HERE"/>
                  <property name="aws_secret_access_key" value="INSERT YOUR AWS SECRET ACCESS KEY HERE"/>
                </properties>
                <filters>
                  <filter property-type="Binary"/>
                </filters>
              </value-storage-->
            </value-storages>
          </container>
          <cache enabled="true">
            <properties>
              <property name="maxSize" value="1000"/>
              <property name="liveTime" value="10000"/>
            </properties>
          </cache>
          <query-handler class="org.exoplatform.services.jcr.impl.core.query.lucene.SearchIndex">
            <properties>
              <property name="indexDir" value="target/temp/index"/>
            </properties>
          </query-handler>
        </workspace>
      </workspaces>
    </repository>
  </repositories>
</repository-service>